2020-08-14 19:04:44.031 [main] INFO  org.springframework.boot.test.context.SpringBootTestContextBootstrapper(308) buildDefaultMergedContextConfiguration - Neither @ContextConfiguration nor @ContextHierarchy found for test class [com.shenxu.zuul.elasticsearch.test], using SpringBootContextLoader
2020-08-14 19:04:44.058 [main] INFO  org.springframework.test.context.support.AbstractContextLoader(264) generateDefaultLocations - Could not detect default resource locations for test class [com.shenxu.zuul.elasticsearch.test]: no resource found for suffixes {-context.xml, Context.groovy}.
2020-08-14 19:04:44.060 [main] INFO  org.springframework.test.context.support.AnnotationConfigContextLoaderUtils(83) detectDefaultConfigurationClasses - Could not detect default configuration classes for test class [com.shenxu.zuul.elasticsearch.test]: test does not declare any static, non-private, non-final, nested classes annotated with @Configuration.
2020-08-14 19:04:44.397 [main] INFO  org.springframework.boot.test.context.SpringBootTestContextBootstrapper(237) getOrFindConfigurationClasses - Found @SpringBootConfiguration com.shenxu.zuul.ZuulApplication for test class com.shenxu.zuul.elasticsearch.test
2020-08-14 19:04:44.694 [main] INFO  org.springframework.boot.test.context.SpringBootTestContextBootstrapper(248) getDefaultTestExecutionListenerClassNames - Loaded default TestExecutionListener class names from location [META-INF/spring.factories]: [org.springframework.boot.test.mock.mockito.MockitoTestExecutionListener, org.springframework.boot.test.mock.mockito.ResetMocksTestExecutionListener, org.springframework.boot.test.autoconfigure.restdocs.RestDocsTestExecutionListener, org.springframework.boot.test.autoconfigure.web.client.MockRestServiceServerResetTestExecutionListener, org.springframework.boot.test.autoconfigure.web.servlet.MockMvcPrintOnlyOnFailureTestExecutionListener, org.springframework.boot.test.autoconfigure.web.servlet.WebDriverTestExecutionListener, org.springframework.boot.test.autoconfigure.webservices.client.MockWebServiceServerTestExecutionListener, org.springframework.test.context.web.ServletTestExecutionListener, org.springframework.test.context.support.DirtiesContextBeforeModesTestExecutionListener, org.springframework.test.context.support.DependencyInjectionTestExecutionListener, org.springframework.test.context.support.DirtiesContextTestExecutionListener, org.springframework.test.context.transaction.TransactionalTestExecutionListener, org.springframework.test.context.jdbc.SqlScriptsTestExecutionListener, org.springframework.test.context.event.EventPublishingTestExecutionListener]
2020-08-14 19:04:44.718 [main] INFO  org.springframework.boot.test.context.SpringBootTestContextBootstrapper(177) getTestExecutionListeners - Using TestExecutionListeners: [org.springframework.test.context.web.ServletTestExecutionListener@3a71c100, org.springframework.test.context.support.DirtiesContextBeforeModesTestExecutionListener@5b69fd74, org.springframework.boot.test.mock.mockito.MockitoTestExecutionListener@f325091, org.springframework.boot.test.autoconfigure.SpringBootDependencyInjectionTestExecutionListener@437e951d, org.springframework.test.context.support.DirtiesContextTestExecutionListener@77b325b3, org.springframework.test.context.transaction.TransactionalTestExecutionListener@63a5e46c, org.springframework.test.context.jdbc.SqlScriptsTestExecutionListener@7e8e8651, org.springframework.test.context.event.EventPublishingTestExecutionListener@49ef32e0, org.springframework.boot.test.mock.mockito.ResetMocksTestExecutionListener@271f18d3, org.springframework.boot.test.autoconfigure.restdocs.RestDocsTestExecutionListener@6bd51ed8, org.springframework.boot.test.autoconfigure.web.client.MockRestServiceServerResetTestExecutionListener@61e3a1fd, org.springframework.boot.test.autoconfigure.web.servlet.MockMvcPrintOnlyOnFailureTestExecutionListener@51abf713, org.springframework.boot.test.autoconfigure.web.servlet.WebDriverTestExecutionListener@eadb475, org.springframework.boot.test.autoconfigure.webservices.client.MockWebServiceServerTestExecutionListener@4d4d48a6]
2020-08-14 19:04:45.933 [main] INFO  com.shenxu.zuul.elasticsearch.test(651) logStartupProfileInfo - No active profile set, falling back to default profiles: default
2020-08-14 19:04:47.225 [main] INFO  org.springframework.data.repository.config.RepositoryConfigurationDelegate(249) multipleStoresDetected - Multiple Spring Data modules found, entering strict repository configuration mode!
2020-08-14 19:04:47.231 [main] INFO  org.springframework.data.repository.config.RepositoryConfigurationDelegate(127) registerRepositoriesIn - Bootstrapping Spring Data Redis repositories in DEFAULT mode.
2020-08-14 19:04:47.277 [main] INFO  org.springframework.data.repository.config.RepositoryConfigurationDelegate(187) registerRepositoriesIn - Finished Spring Data repository scanning in 23ms. Found 0 Redis repository interfaces.
2020-08-14 19:04:47.407 [main] WARN  org.springframework.boot.actuate.endpoint.EndpointId(155) logWarning - Endpoint ID 'hystrix.stream' contains invalid characters, please migrate to a valid format.
2020-08-14 19:04:47.754 [main] INFO  org.springframework.cloud.context.scope.GenericScope(295) setSerializationId - BeanFactory id=6a02468a-1339-300f-8573-b97a00faa80e
2020-08-14 19:04:48.973 [main] WARN  com.netflix.config.sources.URLConfigurationSource(121) <init> - No URLs will be polled as dynamic configuration sources.
2020-08-14 19:04:48.974 [main] INFO  com.netflix.config.sources.URLConfigurationSource(122) <init> - To enable URLs as dynamic configuration sources, define System property archaius.configurationSource.additionalUrls or make config.properties available on classpath.
2020-08-14 19:04:48.996 [main] INFO  com.netflix.config.DynamicPropertyFactory(281) getInstance - DynamicPropertyFactory is initialized with configuration sources: com.netflix.config.ConcurrentCompositeConfiguration@30c01c37
2020-08-14 19:04:50.774 [main] WARN  com.netflix.config.sources.URLConfigurationSource(121) <init> - No URLs will be polled as dynamic configuration sources.
2020-08-14 19:04:50.774 [main] INFO  com.netflix.config.sources.URLConfigurationSource(122) <init> - To enable URLs as dynamic configuration sources, define System property archaius.configurationSource.additionalUrls or make config.properties available on classpath.
2020-08-14 19:04:51.401 [main] INFO  org.springframework.scheduling.concurrent.ThreadPoolTaskExecutor(181) initialize - Initializing ExecutorService 'applicationTaskExecutor'
2020-08-14 19:04:53.757 [main] INFO  org.springframework.cloud.netflix.zuul.ZuulFilterInitializer(67) contextInitialized - Starting filter initializer
2020-08-14 19:04:53.813 [main] INFO  org.springframework.boot.actuate.endpoint.web.EndpointLinksResolver(58) <init> - Exposing 2 endpoint(s) beneath base path '/actuator'
2020-08-14 19:04:53.963 [main] INFO  org.springframework.amqp.rabbit.connection.CachingConnectionFactory(558) connectAddresses - Attempting to connect to: [127.0.0.1:5672]
2020-08-14 19:04:54.059 [main] INFO  org.springframework.amqp.rabbit.connection.CachingConnectionFactory(511) createBareConnection - Created new connection: rabbitConnectionFactory#ae3c140:0/SimpleConnection@237ee2e1 [delegate=amqp://guest@127.0.0.1:5672/, localPort= 56172]
2020-08-14 19:04:54.286 [main] INFO  com.shenxu.zuul.elasticsearch.test(61) logStarted - Started test in 9.497 seconds (JVM running for 12.593)
2020-08-14 19:05:39.805 [SpringContextShutdownHook] INFO  org.springframework.amqp.rabbit.listener.SimpleMessageListenerContainer(647) doShutdown - Waiting for workers to finish.
2020-08-14 19:05:40.772 [SpringContextShutdownHook] INFO  org.springframework.amqp.rabbit.listener.SimpleMessageListenerContainer(650) doShutdown - Successfully waited for workers to finish.
2020-08-14 19:05:40.779 [SpringContextShutdownHook] INFO  org.springframework.amqp.rabbit.listener.SimpleMessageListenerContainer(647) doShutdown - Waiting for workers to finish.
2020-08-14 19:05:41.765 [SpringContextShutdownHook] INFO  org.springframework.amqp.rabbit.listener.SimpleMessageListenerContainer(650) doShutdown - Successfully waited for workers to finish.
2020-08-14 19:05:41.790 [SpringContextShutdownHook] INFO  org.springframework.amqp.rabbit.listener.SimpleMessageListenerContainer(647) doShutdown - Waiting for workers to finish.
2020-08-14 19:05:42.765 [SpringContextShutdownHook] INFO  org.springframework.amqp.rabbit.listener.SimpleMessageListenerContainer(650) doShutdown - Successfully waited for workers to finish.
2020-08-14 19:05:42.769 [SpringContextShutdownHook] INFO  org.springframework.amqp.rabbit.listener.SimpleMessageListenerContainer(647) doShutdown - Waiting for workers to finish.
2020-08-14 19:05:43.770 [SpringContextShutdownHook] INFO  org.springframework.amqp.rabbit.listener.SimpleMessageListenerContainer(650) doShutdown - Successfully waited for workers to finish.
2020-08-14 19:05:43.776 [SpringContextShutdownHook] INFO  org.springframework.cloud.netflix.zuul.ZuulFilterInitializer(79) contextDestroyed - Stopping filter initializer
2020-08-14 19:05:43.789 [SpringContextShutdownHook] INFO  org.springframework.amqp.rabbit.listener.SimpleMessageListenerContainer(1243) shutdown - Shutdown ignored - container is not active already
2020-08-14 19:05:43.792 [SpringContextShutdownHook] INFO  org.springframework.amqp.rabbit.listener.SimpleMessageListenerContainer(1243) shutdown - Shutdown ignored - container is not active already
2020-08-14 19:05:43.792 [SpringContextShutdownHook] INFO  org.springframework.amqp.rabbit.listener.SimpleMessageListenerContainer(1243) shutdown - Shutdown ignored - container is not active already
2020-08-14 19:05:43.793 [SpringContextShutdownHook] INFO  org.springframework.amqp.rabbit.listener.SimpleMessageListenerContainer(1243) shutdown - Shutdown ignored - container is not active already
2020-08-14 19:05:43.793 [SpringContextShutdownHook] INFO  org.springframework.scheduling.concurrent.ThreadPoolTaskExecutor(218) shutdown - Shutting down ExecutorService 'applicationTaskExecutor'
2020-08-14 19:05:51.197 [main] INFO  org.springframework.boot.test.context.SpringBootTestContextBootstrapper(308) buildDefaultMergedContextConfiguration - Neither @ContextConfiguration nor @ContextHierarchy found for test class [com.shenxu.zuul.elasticsearch.test], using SpringBootContextLoader
2020-08-14 19:05:51.211 [main] INFO  org.springframework.test.context.support.AbstractContextLoader(264) generateDefaultLocations - Could not detect default resource locations for test class [com.shenxu.zuul.elasticsearch.test]: no resource found for suffixes {-context.xml, Context.groovy}.
2020-08-14 19:05:51.212 [main] INFO  org.springframework.test.context.support.AnnotationConfigContextLoaderUtils(83) detectDefaultConfigurationClasses - Could not detect default configuration classes for test class [com.shenxu.zuul.elasticsearch.test]: test does not declare any static, non-private, non-final, nested classes annotated with @Configuration.
2020-08-14 19:05:51.418 [main] INFO  org.springframework.boot.test.context.SpringBootTestContextBootstrapper(237) getOrFindConfigurationClasses - Found @SpringBootConfiguration com.shenxu.zuul.ZuulApplication for test class com.shenxu.zuul.elasticsearch.test
2020-08-14 19:05:51.852 [main] INFO  org.springframework.boot.test.context.SpringBootTestContextBootstrapper(248) getDefaultTestExecutionListenerClassNames - Loaded default TestExecutionListener class names from location [META-INF/spring.factories]: [org.springframework.boot.test.mock.mockito.MockitoTestExecutionListener, org.springframework.boot.test.mock.mockito.ResetMocksTestExecutionListener, org.springframework.boot.test.autoconfigure.restdocs.RestDocsTestExecutionListener, org.springframework.boot.test.autoconfigure.web.client.MockRestServiceServerResetTestExecutionListener, org.springframework.boot.test.autoconfigure.web.servlet.MockMvcPrintOnlyOnFailureTestExecutionListener, org.springframework.boot.test.autoconfigure.web.servlet.WebDriverTestExecutionListener, org.springframework.boot.test.autoconfigure.webservices.client.MockWebServiceServerTestExecutionListener, org.springframework.test.context.web.ServletTestExecutionListener, org.springframework.test.context.support.DirtiesContextBeforeModesTestExecutionListener, org.springframework.test.context.support.DependencyInjectionTestExecutionListener, org.springframework.test.context.support.DirtiesContextTestExecutionListener, org.springframework.test.context.transaction.TransactionalTestExecutionListener, org.springframework.test.context.jdbc.SqlScriptsTestExecutionListener, org.springframework.test.context.event.EventPublishingTestExecutionListener]
2020-08-14 19:05:51.930 [main] INFO  org.springframework.boot.test.context.SpringBootTestContextBootstrapper(177) getTestExecutionListeners - Using TestExecutionListeners: [org.springframework.test.context.web.ServletTestExecutionListener@7aaca91a, org.springframework.test.context.support.DirtiesContextBeforeModesTestExecutionListener@44c73c26, org.springframework.boot.test.mock.mockito.MockitoTestExecutionListener@41005828, org.springframework.boot.test.autoconfigure.SpringBootDependencyInjectionTestExecutionListener@60b4beb4, org.springframework.test.context.support.DirtiesContextTestExecutionListener@7fcf2fc1, org.springframework.test.context.transaction.TransactionalTestExecutionListener@2141a12, org.springframework.test.context.jdbc.SqlScriptsTestExecutionListener@4196c360, org.springframework.test.context.event.EventPublishingTestExecutionListener@41294f8, org.springframework.boot.test.mock.mockito.ResetMocksTestExecutionListener@225129c, org.springframework.boot.test.autoconfigure.restdocs.RestDocsTestExecutionListener@20435c40, org.springframework.boot.test.autoconfigure.web.client.MockRestServiceServerResetTestExecutionListener@573906eb, org.springframework.boot.test.autoconfigure.web.servlet.MockMvcPrintOnlyOnFailureTestExecutionListener@479ceda0, org.springframework.boot.test.autoconfigure.web.servlet.WebDriverTestExecutionListener@6d07a63d, org.springframework.boot.test.autoconfigure.webservices.client.MockWebServiceServerTestExecutionListener@571c5681]
2020-08-14 19:05:53.147 [main] INFO  com.shenxu.zuul.elasticsearch.test(651) logStartupProfileInfo - No active profile set, falling back to default profiles: default
2020-08-14 19:05:54.229 [main] INFO  org.springframework.data.repository.config.RepositoryConfigurationDelegate(249) multipleStoresDetected - Multiple Spring Data modules found, entering strict repository configuration mode!
2020-08-14 19:05:54.236 [main] INFO  org.springframework.data.repository.config.RepositoryConfigurationDelegate(127) registerRepositoriesIn - Bootstrapping Spring Data Redis repositories in DEFAULT mode.
2020-08-14 19:05:54.274 [main] INFO  org.springframework.data.repository.config.RepositoryConfigurationDelegate(187) registerRepositoriesIn - Finished Spring Data repository scanning in 21ms. Found 0 Redis repository interfaces.
2020-08-14 19:05:54.386 [main] WARN  org.springframework.boot.actuate.endpoint.EndpointId(155) logWarning - Endpoint ID 'hystrix.stream' contains invalid characters, please migrate to a valid format.
2020-08-14 19:05:54.604 [main] INFO  org.springframework.cloud.context.scope.GenericScope(295) setSerializationId - BeanFactory id=6a02468a-1339-300f-8573-b97a00faa80e
2020-08-14 19:05:55.766 [main] WARN  com.netflix.config.sources.URLConfigurationSource(121) <init> - No URLs will be polled as dynamic configuration sources.
2020-08-14 19:05:55.768 [main] INFO  com.netflix.config.sources.URLConfigurationSource(122) <init> - To enable URLs as dynamic configuration sources, define System property archaius.configurationSource.additionalUrls or make config.properties available on classpath.
2020-08-14 19:05:55.784 [main] INFO  com.netflix.config.DynamicPropertyFactory(281) getInstance - DynamicPropertyFactory is initialized with configuration sources: com.netflix.config.ConcurrentCompositeConfiguration@9f86dc3
2020-08-14 19:05:57.276 [main] WARN  com.netflix.config.sources.URLConfigurationSource(121) <init> - No URLs will be polled as dynamic configuration sources.
2020-08-14 19:05:57.277 [main] INFO  com.netflix.config.sources.URLConfigurationSource(122) <init> - To enable URLs as dynamic configuration sources, define System property archaius.configurationSource.additionalUrls or make config.properties available on classpath.
2020-08-14 19:05:57.820 [main] INFO  org.springframework.scheduling.concurrent.ThreadPoolTaskExecutor(181) initialize - Initializing ExecutorService 'applicationTaskExecutor'
2020-08-14 19:05:59.481 [main] INFO  org.springframework.cloud.netflix.zuul.ZuulFilterInitializer(67) contextInitialized - Starting filter initializer
2020-08-14 19:05:59.524 [main] INFO  org.springframework.boot.actuate.endpoint.web.EndpointLinksResolver(58) <init> - Exposing 2 endpoint(s) beneath base path '/actuator'
2020-08-14 19:05:59.845 [main] INFO  org.springframework.amqp.rabbit.connection.CachingConnectionFactory(558) connectAddresses - Attempting to connect to: [127.0.0.1:5672]
2020-08-14 19:05:59.927 [main] INFO  org.springframework.amqp.rabbit.connection.CachingConnectionFactory(511) createBareConnection - Created new connection: rabbitConnectionFactory#61874b9d:0/SimpleConnection@552bee2f [delegate=amqp://guest@127.0.0.1:5672/, localPort= 56271]
2020-08-14 19:06:00.131 [main] INFO  com.shenxu.zuul.elasticsearch.test(61) logStarted - Started test in 8.088 seconds (JVM running for 10.743)
2020-08-14 19:06:01.361 [main] WARN  org.elasticsearch.client.RestClient(65) logResponse - request [POST http://127.0.0.1:9200/_bulk?timeout=1m] returned 1 warnings: [299 Elasticsearch-7.2.0-508c38a "[types removal] Specifying types in bulk requests is deprecated."]
2020-08-14 19:06:01.527 [SpringContextShutdownHook] INFO  org.springframework.amqp.rabbit.listener.SimpleMessageListenerContainer(647) doShutdown - Waiting for workers to finish.
2020-08-14 19:06:02.076 [SpringContextShutdownHook] INFO  org.springframework.amqp.rabbit.listener.SimpleMessageListenerContainer(650) doShutdown - Successfully waited for workers to finish.
2020-08-14 19:06:02.079 [SpringContextShutdownHook] INFO  org.springframework.amqp.rabbit.listener.SimpleMessageListenerContainer(647) doShutdown - Waiting for workers to finish.
2020-08-14 19:06:02.095 [SpringContextShutdownHook] INFO  org.springframework.amqp.rabbit.listener.SimpleMessageListenerContainer(650) doShutdown - Successfully waited for workers to finish.
2020-08-14 19:06:02.097 [SpringContextShutdownHook] INFO  org.springframework.amqp.rabbit.listener.SimpleMessageListenerContainer(647) doShutdown - Waiting for workers to finish.
2020-08-14 19:06:02.107 [SpringContextShutdownHook] INFO  org.springframework.amqp.rabbit.listener.SimpleMessageListenerContainer(650) doShutdown - Successfully waited for workers to finish.
2020-08-14 19:06:02.109 [SpringContextShutdownHook] INFO  org.springframework.amqp.rabbit.listener.SimpleMessageListenerContainer(647) doShutdown - Waiting for workers to finish.
2020-08-14 19:06:02.118 [SpringContextShutdownHook] INFO  org.springframework.amqp.rabbit.listener.SimpleMessageListenerContainer(650) doShutdown - Successfully waited for workers to finish.
2020-08-14 19:06:02.121 [SpringContextShutdownHook] INFO  org.springframework.cloud.netflix.zuul.ZuulFilterInitializer(79) contextDestroyed - Stopping filter initializer
2020-08-14 19:06:02.126 [SpringContextShutdownHook] INFO  org.springframework.amqp.rabbit.listener.SimpleMessageListenerContainer(1243) shutdown - Shutdown ignored - container is not active already
2020-08-14 19:06:02.127 [SpringContextShutdownHook] INFO  org.springframework.amqp.rabbit.listener.SimpleMessageListenerContainer(1243) shutdown - Shutdown ignored - container is not active already
2020-08-14 19:06:02.128 [SpringContextShutdownHook] INFO  org.springframework.amqp.rabbit.listener.SimpleMessageListenerContainer(1243) shutdown - Shutdown ignored - container is not active already
2020-08-14 19:06:02.128 [SpringContextShutdownHook] INFO  org.springframework.amqp.rabbit.listener.SimpleMessageListenerContainer(1243) shutdown - Shutdown ignored - container is not active already
2020-08-14 19:06:02.128 [SpringContextShutdownHook] INFO  org.springframework.scheduling.concurrent.ThreadPoolTaskExecutor(218) shutdown - Shutting down ExecutorService 'applicationTaskExecutor'
