2020-08-27 15:16:55.447 [main] INFO  com.shenxu.zuul.ZuulApplication(651) logStartupProfileInfo - No active profile set, falling back to default profiles: default
2020-08-27 15:16:56.501 [main] INFO  org.springframework.data.repository.config.RepositoryConfigurationDelegate(249) multipleStoresDetected - Multiple Spring Data modules found, entering strict repository configuration mode!
2020-08-27 15:16:56.506 [main] INFO  org.springframework.data.repository.config.RepositoryConfigurationDelegate(127) registerRepositoriesIn - Bootstrapping Spring Data Redis repositories in DEFAULT mode.
2020-08-27 15:16:56.542 [main] INFO  org.springframework.data.repository.config.RepositoryConfigurationDelegate(187) registerRepositoriesIn - Finished Spring Data repository scanning in 16ms. Found 0 Redis repository interfaces.
2020-08-27 15:16:56.618 [main] WARN  org.springframework.boot.actuate.endpoint.EndpointId(155) logWarning - Endpoint ID 'hystrix.stream' contains invalid characters, please migrate to a valid format.
2020-08-27 15:16:56.788 [main] INFO  org.springframework.cloud.context.scope.GenericScope(295) setSerializationId - BeanFactory id=9f9a7519-6603-3e3c-8a8a-c684548b289d
2020-08-27 15:16:57.473 [main] INFO  org.springframework.boot.web.embedded.tomcat.TomcatWebServer(108) initialize - Tomcat initialized with port(s): 8050 (http)
2020-08-27 15:16:57.483 [main] INFO  org.apache.coyote.http11.Http11NioProtocol(173) log - Initializing ProtocolHandler ["http-nio-8050"]
2020-08-27 15:16:57.484 [main] INFO  org.apache.catalina.core.StandardService(173) log - Starting service [Tomcat]
2020-08-27 15:16:57.484 [main] INFO  org.apache.catalina.core.StandardEngine(173) log - Starting Servlet engine: [Apache Tomcat/9.0.37]
2020-08-27 15:16:57.679 [main] INFO  org.apache.catalina.core.ContainerBase.[Tomcat].[localhost].[/](173) log - Initializing Spring embedded WebApplicationContext
2020-08-27 15:16:57.680 [main] INFO  org.springframework.boot.web.servlet.context.ServletWebServerApplicationContext(285) prepareWebApplicationContext - Root WebApplicationContext: initialization completed in 2190 ms
2020-08-27 15:16:58.015 [main] WARN  com.netflix.config.sources.URLConfigurationSource(121) <init> - No URLs will be polled as dynamic configuration sources.
2020-08-27 15:16:58.016 [main] INFO  com.netflix.config.sources.URLConfigurationSource(122) <init> - To enable URLs as dynamic configuration sources, define System property archaius.configurationSource.additionalUrls or make config.properties available on classpath.
2020-08-27 15:16:58.035 [main] INFO  com.netflix.config.DynamicPropertyFactory(281) getInstance - DynamicPropertyFactory is initialized with configuration sources: com.netflix.config.ConcurrentCompositeConfiguration@7c52fc81
2020-08-27 15:16:59.480 [main] WARN  com.netflix.config.sources.URLConfigurationSource(121) <init> - No URLs will be polled as dynamic configuration sources.
2020-08-27 15:16:59.480 [main] INFO  com.netflix.config.sources.URLConfigurationSource(122) <init> - To enable URLs as dynamic configuration sources, define System property archaius.configurationSource.additionalUrls or make config.properties available on classpath.
2020-08-27 15:16:59.703 [main] INFO  org.springframework.scheduling.concurrent.ThreadPoolTaskExecutor(181) initialize - Initializing ExecutorService 'applicationTaskExecutor'
2020-08-27 15:17:00.272 [main] INFO  org.springframework.scheduling.concurrent.ThreadPoolTaskScheduler(181) initialize - Initializing ExecutorService 'taskScheduler'
2020-08-27 15:17:00.392 [main] INFO  org.springframework.cloud.netflix.zuul.ZuulFilterInitializer(67) contextInitialized - Starting filter initializer
2020-08-27 15:17:00.405 [main] INFO  org.springframework.boot.actuate.endpoint.web.EndpointLinksResolver(58) <init> - Exposing 2 endpoint(s) beneath base path '/actuator'
2020-08-27 15:17:00.551 [main] INFO  org.apache.coyote.http11.Http11NioProtocol(173) log - Starting ProtocolHandler ["http-nio-8050"]
2020-08-27 15:17:00.622 [main] INFO  org.springframework.boot.web.embedded.tomcat.TomcatWebServer(220) start - Tomcat started on port(s): 8050 (http) with context path ''
2020-08-27 15:17:00.708 [main] INFO  org.springframework.amqp.rabbit.connection.CachingConnectionFactory(558) connectAddresses - Attempting to connect to: [127.0.0.1:5672]
2020-08-27 15:17:01.102 [main] INFO  org.springframework.amqp.rabbit.connection.CachingConnectionFactory(511) createBareConnection - Created new connection: rabbitConnectionFactory#2bc7db89:0/SimpleConnection@3e2d8623 [delegate=amqp://guest@127.0.0.1:5672/, localPort= 50469]
2020-08-27 15:17:01.271 [main] INFO  com.shenxu.zuul.ZuulApplication(61) logStarted - Started ZuulApplication in 6.799 seconds (JVM running for 9.569)
2020-08-27 15:17:01.778 [RMI TCP Connection(1)-172.16.210.43] INFO  org.apache.catalina.core.ContainerBase.[Tomcat].[localhost].[/](173) log - Initializing Spring DispatcherServlet 'dispatcherServlet'
2020-08-27 15:17:01.779 [RMI TCP Connection(1)-172.16.210.43] INFO  org.springframework.web.servlet.DispatcherServlet(525) initServletBean - Initializing Servlet 'dispatcherServlet'
2020-08-27 15:17:01.786 [RMI TCP Connection(1)-172.16.210.43] INFO  org.springframework.web.servlet.DispatcherServlet(547) initServletBean - Completed initialization in 7 ms
2020-08-27 15:17:02.985 [RMI TCP Connection(3)-172.16.210.43] WARN  org.springframework.boot.actuate.elasticsearch.ElasticsearchRestHealthIndicator(87) health - Elasticsearch health check failed java.net.ConnectException: Connection refused: no further information
	at org.elasticsearch.client.RestClient.extractAndWrapCause(RestClient.java:804) ~[elasticsearch-rest-client-7.1.1.jar:7.1.1]
	at org.elasticsearch.client.RestClient.performRequest(RestClient.java:225) ~[elasticsearch-rest-client-7.1.1.jar:7.1.1]
	at org.elasticsearch.client.RestClient.performRequest(RestClient.java:212) ~[elasticsearch-rest-client-7.1.1.jar:7.1.1]
	at org.springframework.boot.actuate.elasticsearch.ElasticsearchRestHealthIndicator.doHealthCheck(ElasticsearchRestHealthIndicator.java:60) ~[spring-boot-actuator-2.3.2.RELEASE.jar:2.3.2.RELEASE]
	at org.springframework.boot.actuate.health.AbstractHealthIndicator.health(AbstractHealthIndicator.java:82) ~[spring-boot-actuator-2.3.2.RELEASE.jar:2.3.2.RELEASE]
	at org.springframework.boot.actuate.health.HealthIndicator.getHealth(HealthIndicator.java:37) ~[spring-boot-actuator-2.3.2.RELEASE.jar:2.3.2.RELEASE]
	at org.springframework.boot.actuate.health.HealthEndpoint.getHealth(HealthEndpoint.java:71) ~[spring-boot-actuator-2.3.2.RELEASE.jar:2.3.2.RELEASE]
	at org.springframework.boot.actuate.health.HealthEndpoint.getHealth(HealthEndpoint.java:39) ~[spring-boot-actuator-2.3.2.RELEASE.jar:2.3.2.RELEASE]
	at org.springframework.boot.actuate.health.HealthEndpointSupport.getContribution(HealthEndpointSupport.java:99) ~[spring-boot-actuator-2.3.2.RELEASE.jar:2.3.2.RELEASE]
	at org.springframework.boot.actuate.health.HealthEndpointSupport.getAggregateHealth(HealthEndpointSupport.java:110) ~[spring-boot-actuator-2.3.2.RELEASE.jar:2.3.2.RELEASE]
	at org.springframework.boot.actuate.health.HealthEndpointSupport.getContribution(HealthEndpointSupport.java:96) ~[spring-boot-actuator-2.3.2.RELEASE.jar:2.3.2.RELEASE]
	at org.springframework.boot.actuate.health.HealthEndpointSupport.getHealth(HealthEndpointSupport.java:74) ~[spring-boot-actuator-2.3.2.RELEASE.jar:2.3.2.RELEASE]
	at org.springframework.boot.actuate.health.HealthEndpointSupport.getHealth(HealthEndpointSupport.java:61) ~[spring-boot-actuator-2.3.2.RELEASE.jar:2.3.2.RELEASE]
	at org.springframework.boot.actuate.health.HealthEndpoint.health(HealthEndpoint.java:65) ~[spring-boot-actuator-2.3.2.RELEASE.jar:2.3.2.RELEASE]
	at org.springframework.boot.actuate.health.HealthEndpoint.health(HealthEndpoint.java:55) ~[spring-boot-actuator-2.3.2.RELEASE.jar:2.3.2.RELEASE]
	at sun.reflect.NativeMethodAccessorImpl.invoke0(Native Method) ~[?:1.8.0_201]
	at sun.reflect.NativeMethodAccessorImpl.invoke(NativeMethodAccessorImpl.java:62) ~[?:1.8.0_201]
	at sun.reflect.DelegatingMethodAccessorImpl.invoke(DelegatingMethodAccessorImpl.java:43) ~[?:1.8.0_201]
	at java.lang.reflect.Method.invoke(Method.java:498) ~[?:1.8.0_201]
	at org.springframework.util.ReflectionUtils.invokeMethod(ReflectionUtils.java:282) ~[spring-core-5.2.8.RELEASE.jar:5.2.8.RELEASE]
	at org.springframework.boot.actuate.endpoint.invoke.reflect.ReflectiveOperationInvoker.invoke(ReflectiveOperationInvoker.java:77) ~[spring-boot-actuator-2.3.2.RELEASE.jar:2.3.2.RELEASE]
	at org.springframework.boot.actuate.endpoint.annotation.AbstractDiscoveredOperation.invoke(AbstractDiscoveredOperation.java:60) ~[spring-boot-actuator-2.3.2.RELEASE.jar:2.3.2.RELEASE]
	at org.springframework.boot.actuate.endpoint.jmx.EndpointMBean.invoke(EndpointMBean.java:121) ~[spring-boot-actuator-2.3.2.RELEASE.jar:2.3.2.RELEASE]
	at org.springframework.boot.actuate.endpoint.jmx.EndpointMBean.invoke(EndpointMBean.java:96) ~[spring-boot-actuator-2.3.2.RELEASE.jar:2.3.2.RELEASE]
	at com.sun.jmx.interceptor.DefaultMBeanServerInterceptor.invoke(DefaultMBeanServerInterceptor.java:819) ~[?:1.8.0_201]
	at com.sun.jmx.mbeanserver.JmxMBeanServer.invoke(JmxMBeanServer.java:801) ~[?:1.8.0_201]
	at javax.management.remote.rmi.RMIConnectionImpl.doOperation(RMIConnectionImpl.java:1468) ~[?:1.8.0_201]
	at javax.management.remote.rmi.RMIConnectionImpl.access$300(RMIConnectionImpl.java:76) ~[?:1.8.0_201]
	at javax.management.remote.rmi.RMIConnectionImpl$PrivilegedOperation.run(RMIConnectionImpl.java:1309) ~[?:1.8.0_201]
	at javax.management.remote.rmi.RMIConnectionImpl.doPrivilegedOperation(RMIConnectionImpl.java:1401) ~[?:1.8.0_201]
	at javax.management.remote.rmi.RMIConnectionImpl.invoke(RMIConnectionImpl.java:829) ~[?:1.8.0_201]
	at sun.reflect.GeneratedMethodAccessor87.invoke(Unknown Source) ~[?:?]
	at sun.reflect.DelegatingMethodAccessorImpl.invoke(DelegatingMethodAccessorImpl.java:43) ~[?:1.8.0_201]
	at java.lang.reflect.Method.invoke(Method.java:498) ~[?:1.8.0_201]
	at sun.rmi.server.UnicastServerRef.dispatch(UnicastServerRef.java:357) ~[?:1.8.0_201]
	at sun.rmi.transport.Transport$1.run(Transport.java:200) ~[?:1.8.0_201]
	at sun.rmi.transport.Transport$1.run(Transport.java:197) ~[?:1.8.0_201]
	at java.security.AccessController.doPrivileged(Native Method) ~[?:1.8.0_201]
	at sun.rmi.transport.Transport.serviceCall(Transport.java:196) ~[?:1.8.0_201]
	at sun.rmi.transport.tcp.TCPTransport.handleMessages(TCPTransport.java:573) ~[?:1.8.0_201]
	at sun.rmi.transport.tcp.TCPTransport$ConnectionHandler.run0(TCPTransport.java:834) ~[?:1.8.0_201]
	at sun.rmi.transport.tcp.TCPTransport$ConnectionHandler.lambda$run$0(TCPTransport.java:688) ~[?:1.8.0_201]
	at java.security.AccessController.doPrivileged(Native Method) ~[?:1.8.0_201]
	at sun.rmi.transport.tcp.TCPTransport$ConnectionHandler.run(TCPTransport.java:687) [?:1.8.0_201]
	at java.util.concurrent.ThreadPoolExecutor.runWorker(ThreadPoolExecutor.java:1149) [?:1.8.0_201]
	at java.util.concurrent.ThreadPoolExecutor$Worker.run(ThreadPoolExecutor.java:624) [?:1.8.0_201]
	at java.lang.Thread.run(Thread.java:748) [?:1.8.0_201]
Caused by: java.net.ConnectException: Connection refused: no further information
	at sun.nio.ch.SocketChannelImpl.checkConnect(Native Method) ~[?:1.8.0_201]
	at sun.nio.ch.SocketChannelImpl.finishConnect(SocketChannelImpl.java:717) ~[?:1.8.0_201]
	at org.apache.http.impl.nio.reactor.DefaultConnectingIOReactor.processEvent(DefaultConnectingIOReactor.java:174) ~[httpcore-nio-4.4.13.jar:4.4.13]
	at org.apache.http.impl.nio.reactor.DefaultConnectingIOReactor.processEvents(DefaultConnectingIOReactor.java:148) ~[httpcore-nio-4.4.13.jar:4.4.13]
	at org.apache.http.impl.nio.reactor.AbstractMultiworkerIOReactor.execute(AbstractMultiworkerIOReactor.java:351) ~[httpcore-nio-4.4.13.jar:4.4.13]
	at org.apache.http.impl.nio.conn.PoolingNHttpClientConnectionManager.execute(PoolingNHttpClientConnectionManager.java:221) ~[httpasyncclient-4.1.4.jar:4.1.4]
	at org.apache.http.impl.nio.client.CloseableHttpAsyncClientBase$1.run(CloseableHttpAsyncClientBase.java:64) ~[httpasyncclient-4.1.4.jar:4.1.4]
	... 1 more

2020-08-27 15:18:14.681 [main] INFO  com.shenxu.zuul.ZuulApplication(651) logStartupProfileInfo - No active profile set, falling back to default profiles: default
2020-08-27 15:18:15.745 [main] INFO  org.springframework.data.repository.config.RepositoryConfigurationDelegate(249) multipleStoresDetected - Multiple Spring Data modules found, entering strict repository configuration mode!
2020-08-27 15:18:15.752 [main] INFO  org.springframework.data.repository.config.RepositoryConfigurationDelegate(127) registerRepositoriesIn - Bootstrapping Spring Data Redis repositories in DEFAULT mode.
2020-08-27 15:18:15.790 [main] INFO  org.springframework.data.repository.config.RepositoryConfigurationDelegate(187) registerRepositoriesIn - Finished Spring Data repository scanning in 17ms. Found 0 Redis repository interfaces.
2020-08-27 15:18:15.882 [main] WARN  org.springframework.boot.actuate.endpoint.EndpointId(155) logWarning - Endpoint ID 'hystrix.stream' contains invalid characters, please migrate to a valid format.
2020-08-27 15:18:16.050 [main] INFO  org.springframework.cloud.context.scope.GenericScope(295) setSerializationId - BeanFactory id=8f753f76-fe32-3024-9e6a-ff1a26886e86
2020-08-27 15:18:16.683 [main] INFO  org.springframework.boot.web.embedded.tomcat.TomcatWebServer(108) initialize - Tomcat initialized with port(s): 8050 (http)
2020-08-27 15:18:16.692 [main] INFO  org.apache.coyote.http11.Http11NioProtocol(173) log - Initializing ProtocolHandler ["http-nio-8050"]
2020-08-27 15:18:16.693 [main] INFO  org.apache.catalina.core.StandardService(173) log - Starting service [Tomcat]
2020-08-27 15:18:16.693 [main] INFO  org.apache.catalina.core.StandardEngine(173) log - Starting Servlet engine: [Apache Tomcat/9.0.37]
2020-08-27 15:18:16.852 [main] INFO  org.apache.catalina.core.ContainerBase.[Tomcat].[localhost].[/](173) log - Initializing Spring embedded WebApplicationContext
2020-08-27 15:18:16.852 [main] INFO  org.springframework.boot.web.servlet.context.ServletWebServerApplicationContext(285) prepareWebApplicationContext - Root WebApplicationContext: initialization completed in 2148 ms
2020-08-27 15:18:16.956 [main] WARN  com.netflix.config.sources.URLConfigurationSource(121) <init> - No URLs will be polled as dynamic configuration sources.
2020-08-27 15:18:16.957 [main] INFO  com.netflix.config.sources.URLConfigurationSource(122) <init> - To enable URLs as dynamic configuration sources, define System property archaius.configurationSource.additionalUrls or make config.properties available on classpath.
2020-08-27 15:18:16.970 [main] INFO  com.netflix.config.DynamicPropertyFactory(281) getInstance - DynamicPropertyFactory is initialized with configuration sources: com.netflix.config.ConcurrentCompositeConfiguration@41da3aee
2020-08-27 15:18:18.604 [main] WARN  com.netflix.config.sources.URLConfigurationSource(121) <init> - No URLs will be polled as dynamic configuration sources.
2020-08-27 15:18:18.604 [main] INFO  com.netflix.config.sources.URLConfigurationSource(122) <init> - To enable URLs as dynamic configuration sources, define System property archaius.configurationSource.additionalUrls or make config.properties available on classpath.
2020-08-27 15:18:18.838 [main] INFO  org.springframework.scheduling.concurrent.ThreadPoolTaskExecutor(181) initialize - Initializing ExecutorService 'applicationTaskExecutor'
2020-08-27 15:18:19.343 [main] INFO  org.springframework.scheduling.concurrent.ThreadPoolTaskScheduler(181) initialize - Initializing ExecutorService 'taskScheduler'
2020-08-27 15:18:19.464 [main] INFO  org.springframework.cloud.netflix.zuul.ZuulFilterInitializer(67) contextInitialized - Starting filter initializer
2020-08-27 15:18:19.481 [main] INFO  org.springframework.boot.actuate.endpoint.web.EndpointLinksResolver(58) <init> - Exposing 2 endpoint(s) beneath base path '/actuator'
2020-08-27 15:18:19.606 [main] INFO  org.apache.coyote.http11.Http11NioProtocol(173) log - Starting ProtocolHandler ["http-nio-8050"]
2020-08-27 15:18:19.659 [main] INFO  org.springframework.boot.web.embedded.tomcat.TomcatWebServer(220) start - Tomcat started on port(s): 8050 (http) with context path ''
2020-08-27 15:18:19.739 [main] INFO  org.springframework.amqp.rabbit.connection.CachingConnectionFactory(558) connectAddresses - Attempting to connect to: [127.0.0.1:5672]
2020-08-27 15:18:19.797 [main] INFO  org.springframework.amqp.rabbit.connection.CachingConnectionFactory(511) createBareConnection - Created new connection: rabbitConnectionFactory#712ac7e6:0/SimpleConnection@534762ed [delegate=amqp://guest@127.0.0.1:5672/, localPort= 50523]
2020-08-27 15:18:19.960 [main] INFO  com.shenxu.zuul.ZuulApplication(61) logStarted - Started ZuulApplication in 6.464 seconds (JVM running for 8.455)
2020-08-27 15:18:20.730 [RMI TCP Connection(2)-172.16.210.43] INFO  org.apache.catalina.core.ContainerBase.[Tomcat].[localhost].[/](173) log - Initializing Spring DispatcherServlet 'dispatcherServlet'
2020-08-27 15:18:20.730 [RMI TCP Connection(2)-172.16.210.43] INFO  org.springframework.web.servlet.DispatcherServlet(525) initServletBean - Initializing Servlet 'dispatcherServlet'
2020-08-27 15:18:20.739 [RMI TCP Connection(2)-172.16.210.43] INFO  org.springframework.web.servlet.DispatcherServlet(547) initServletBean - Completed initialization in 9 ms
2020-08-27 15:18:21.787 [RMI TCP Connection(1)-172.16.210.43] WARN  org.springframework.boot.actuate.elasticsearch.ElasticsearchRestHealthIndicator(87) health - Elasticsearch health check failed java.net.ConnectException: Connection refused: no further information
	at org.elasticsearch.client.RestClient.extractAndWrapCause(RestClient.java:804) ~[elasticsearch-rest-client-7.1.1.jar:7.1.1]
	at org.elasticsearch.client.RestClient.performRequest(RestClient.java:225) ~[elasticsearch-rest-client-7.1.1.jar:7.1.1]
	at org.elasticsearch.client.RestClient.performRequest(RestClient.java:212) ~[elasticsearch-rest-client-7.1.1.jar:7.1.1]
	at org.springframework.boot.actuate.elasticsearch.ElasticsearchRestHealthIndicator.doHealthCheck(ElasticsearchRestHealthIndicator.java:60) ~[spring-boot-actuator-2.3.2.RELEASE.jar:2.3.2.RELEASE]
	at org.springframework.boot.actuate.health.AbstractHealthIndicator.health(AbstractHealthIndicator.java:82) ~[spring-boot-actuator-2.3.2.RELEASE.jar:2.3.2.RELEASE]
	at org.springframework.boot.actuate.health.HealthIndicator.getHealth(HealthIndicator.java:37) ~[spring-boot-actuator-2.3.2.RELEASE.jar:2.3.2.RELEASE]
	at org.springframework.boot.actuate.health.HealthEndpoint.getHealth(HealthEndpoint.java:71) ~[spring-boot-actuator-2.3.2.RELEASE.jar:2.3.2.RELEASE]
	at org.springframework.boot.actuate.health.HealthEndpoint.getHealth(HealthEndpoint.java:39) ~[spring-boot-actuator-2.3.2.RELEASE.jar:2.3.2.RELEASE]
	at org.springframework.boot.actuate.health.HealthEndpointSupport.getContribution(HealthEndpointSupport.java:99) ~[spring-boot-actuator-2.3.2.RELEASE.jar:2.3.2.RELEASE]
	at org.springframework.boot.actuate.health.HealthEndpointSupport.getAggregateHealth(HealthEndpointSupport.java:110) ~[spring-boot-actuator-2.3.2.RELEASE.jar:2.3.2.RELEASE]
	at org.springframework.boot.actuate.health.HealthEndpointSupport.getContribution(HealthEndpointSupport.java:96) ~[spring-boot-actuator-2.3.2.RELEASE.jar:2.3.2.RELEASE]
	at org.springframework.boot.actuate.health.HealthEndpointSupport.getHealth(HealthEndpointSupport.java:74) ~[spring-boot-actuator-2.3.2.RELEASE.jar:2.3.2.RELEASE]
	at org.springframework.boot.actuate.health.HealthEndpointSupport.getHealth(HealthEndpointSupport.java:61) ~[spring-boot-actuator-2.3.2.RELEASE.jar:2.3.2.RELEASE]
	at org.springframework.boot.actuate.health.HealthEndpoint.health(HealthEndpoint.java:65) ~[spring-boot-actuator-2.3.2.RELEASE.jar:2.3.2.RELEASE]
	at org.springframework.boot.actuate.health.HealthEndpoint.health(HealthEndpoint.java:55) ~[spring-boot-actuator-2.3.2.RELEASE.jar:2.3.2.RELEASE]
	at sun.reflect.NativeMethodAccessorImpl.invoke0(Native Method) ~[?:1.8.0_201]
	at sun.reflect.NativeMethodAccessorImpl.invoke(NativeMethodAccessorImpl.java:62) ~[?:1.8.0_201]
	at sun.reflect.DelegatingMethodAccessorImpl.invoke(DelegatingMethodAccessorImpl.java:43) ~[?:1.8.0_201]
	at java.lang.reflect.Method.invoke(Method.java:498) ~[?:1.8.0_201]
	at org.springframework.util.ReflectionUtils.invokeMethod(ReflectionUtils.java:282) ~[spring-core-5.2.8.RELEASE.jar:5.2.8.RELEASE]
	at org.springframework.boot.actuate.endpoint.invoke.reflect.ReflectiveOperationInvoker.invoke(ReflectiveOperationInvoker.java:77) ~[spring-boot-actuator-2.3.2.RELEASE.jar:2.3.2.RELEASE]
	at org.springframework.boot.actuate.endpoint.annotation.AbstractDiscoveredOperation.invoke(AbstractDiscoveredOperation.java:60) ~[spring-boot-actuator-2.3.2.RELEASE.jar:2.3.2.RELEASE]
	at org.springframework.boot.actuate.endpoint.jmx.EndpointMBean.invoke(EndpointMBean.java:121) ~[spring-boot-actuator-2.3.2.RELEASE.jar:2.3.2.RELEASE]
	at org.springframework.boot.actuate.endpoint.jmx.EndpointMBean.invoke(EndpointMBean.java:96) ~[spring-boot-actuator-2.3.2.RELEASE.jar:2.3.2.RELEASE]
	at com.sun.jmx.interceptor.DefaultMBeanServerInterceptor.invoke(DefaultMBeanServerInterceptor.java:819) ~[?:1.8.0_201]
	at com.sun.jmx.mbeanserver.JmxMBeanServer.invoke(JmxMBeanServer.java:801) ~[?:1.8.0_201]
	at javax.management.remote.rmi.RMIConnectionImpl.doOperation(RMIConnectionImpl.java:1468) ~[?:1.8.0_201]
	at javax.management.remote.rmi.RMIConnectionImpl.access$300(RMIConnectionImpl.java:76) ~[?:1.8.0_201]
	at javax.management.remote.rmi.RMIConnectionImpl$PrivilegedOperation.run(RMIConnectionImpl.java:1309) ~[?:1.8.0_201]
	at javax.management.remote.rmi.RMIConnectionImpl.doPrivilegedOperation(RMIConnectionImpl.java:1401) ~[?:1.8.0_201]
	at javax.management.remote.rmi.RMIConnectionImpl.invoke(RMIConnectionImpl.java:829) ~[?:1.8.0_201]
	at sun.reflect.GeneratedMethodAccessor85.invoke(Unknown Source) ~[?:?]
	at sun.reflect.DelegatingMethodAccessorImpl.invoke(DelegatingMethodAccessorImpl.java:43) ~[?:1.8.0_201]
	at java.lang.reflect.Method.invoke(Method.java:498) ~[?:1.8.0_201]
	at sun.rmi.server.UnicastServerRef.dispatch(UnicastServerRef.java:357) ~[?:1.8.0_201]
	at sun.rmi.transport.Transport$1.run(Transport.java:200) ~[?:1.8.0_201]
	at sun.rmi.transport.Transport$1.run(Transport.java:197) ~[?:1.8.0_201]
	at java.security.AccessController.doPrivileged(Native Method) ~[?:1.8.0_201]
	at sun.rmi.transport.Transport.serviceCall(Transport.java:196) ~[?:1.8.0_201]
	at sun.rmi.transport.tcp.TCPTransport.handleMessages(TCPTransport.java:573) ~[?:1.8.0_201]
	at sun.rmi.transport.tcp.TCPTransport$ConnectionHandler.run0(TCPTransport.java:834) ~[?:1.8.0_201]
	at sun.rmi.transport.tcp.TCPTransport$ConnectionHandler.lambda$run$0(TCPTransport.java:688) ~[?:1.8.0_201]
	at java.security.AccessController.doPrivileged(Native Method) ~[?:1.8.0_201]
	at sun.rmi.transport.tcp.TCPTransport$ConnectionHandler.run(TCPTransport.java:687) [?:1.8.0_201]
	at java.util.concurrent.ThreadPoolExecutor.runWorker(ThreadPoolExecutor.java:1149) [?:1.8.0_201]
	at java.util.concurrent.ThreadPoolExecutor$Worker.run(ThreadPoolExecutor.java:624) [?:1.8.0_201]
	at java.lang.Thread.run(Thread.java:748) [?:1.8.0_201]
Caused by: java.net.ConnectException: Connection refused: no further information
	at sun.nio.ch.SocketChannelImpl.checkConnect(Native Method) ~[?:1.8.0_201]
	at sun.nio.ch.SocketChannelImpl.finishConnect(SocketChannelImpl.java:717) ~[?:1.8.0_201]
	at org.apache.http.impl.nio.reactor.DefaultConnectingIOReactor.processEvent(DefaultConnectingIOReactor.java:174) ~[httpcore-nio-4.4.13.jar:4.4.13]
	at org.apache.http.impl.nio.reactor.DefaultConnectingIOReactor.processEvents(DefaultConnectingIOReactor.java:148) ~[httpcore-nio-4.4.13.jar:4.4.13]
	at org.apache.http.impl.nio.reactor.AbstractMultiworkerIOReactor.execute(AbstractMultiworkerIOReactor.java:351) ~[httpcore-nio-4.4.13.jar:4.4.13]
	at org.apache.http.impl.nio.conn.PoolingNHttpClientConnectionManager.execute(PoolingNHttpClientConnectionManager.java:221) ~[httpasyncclient-4.1.4.jar:4.1.4]
	at org.apache.http.impl.nio.client.CloseableHttpAsyncClientBase$1.run(CloseableHttpAsyncClientBase.java:64) ~[httpasyncclient-4.1.4.jar:4.1.4]
	... 1 more

2020-08-27 15:20:43.419 [main] INFO  com.shenxu.zuul.ZuulApplication(651) logStartupProfileInfo - No active profile set, falling back to default profiles: default
2020-08-27 15:20:44.658 [main] INFO  org.springframework.data.repository.config.RepositoryConfigurationDelegate(249) multipleStoresDetected - Multiple Spring Data modules found, entering strict repository configuration mode!
2020-08-27 15:20:44.662 [main] INFO  org.springframework.data.repository.config.RepositoryConfigurationDelegate(127) registerRepositoriesIn - Bootstrapping Spring Data Redis repositories in DEFAULT mode.
2020-08-27 15:20:44.713 [main] INFO  org.springframework.data.repository.config.RepositoryConfigurationDelegate(187) registerRepositoriesIn - Finished Spring Data repository scanning in 34ms. Found 0 Redis repository interfaces.
2020-08-27 15:20:44.895 [main] WARN  org.springframework.boot.actuate.endpoint.EndpointId(155) logWarning - Endpoint ID 'hystrix.stream' contains invalid characters, please migrate to a valid format.
2020-08-27 15:20:45.097 [main] INFO  org.springframework.cloud.context.scope.GenericScope(295) setSerializationId - BeanFactory id=8f753f76-fe32-3024-9e6a-ff1a26886e86
2020-08-27 15:20:45.813 [main] INFO  org.springframework.boot.web.embedded.tomcat.TomcatWebServer(108) initialize - Tomcat initialized with port(s): 8050 (http)
2020-08-27 15:20:45.822 [main] INFO  org.apache.coyote.http11.Http11NioProtocol(173) log - Initializing ProtocolHandler ["http-nio-8050"]
2020-08-27 15:20:45.822 [main] INFO  org.apache.catalina.core.StandardService(173) log - Starting service [Tomcat]
2020-08-27 15:20:45.823 [main] INFO  org.apache.catalina.core.StandardEngine(173) log - Starting Servlet engine: [Apache Tomcat/9.0.37]
2020-08-27 15:20:46.002 [main] INFO  org.apache.catalina.core.ContainerBase.[Tomcat].[localhost].[/](173) log - Initializing Spring embedded WebApplicationContext
2020-08-27 15:20:46.002 [main] INFO  org.springframework.boot.web.servlet.context.ServletWebServerApplicationContext(285) prepareWebApplicationContext - Root WebApplicationContext: initialization completed in 2530 ms
2020-08-27 15:20:46.105 [main] WARN  com.netflix.config.sources.URLConfigurationSource(121) <init> - No URLs will be polled as dynamic configuration sources.
2020-08-27 15:20:46.106 [main] INFO  com.netflix.config.sources.URLConfigurationSource(122) <init> - To enable URLs as dynamic configuration sources, define System property archaius.configurationSource.additionalUrls or make config.properties available on classpath.
2020-08-27 15:20:46.117 [main] INFO  com.netflix.config.DynamicPropertyFactory(281) getInstance - DynamicPropertyFactory is initialized with configuration sources: com.netflix.config.ConcurrentCompositeConfiguration@15f35bc3
2020-08-27 15:20:47.428 [main] WARN  com.netflix.config.sources.URLConfigurationSource(121) <init> - No URLs will be polled as dynamic configuration sources.
2020-08-27 15:20:47.428 [main] INFO  com.netflix.config.sources.URLConfigurationSource(122) <init> - To enable URLs as dynamic configuration sources, define System property archaius.configurationSource.additionalUrls or make config.properties available on classpath.
2020-08-27 15:20:47.591 [main] INFO  org.springframework.scheduling.concurrent.ThreadPoolTaskExecutor(181) initialize - Initializing ExecutorService 'applicationTaskExecutor'
2020-08-27 15:20:48.135 [main] INFO  org.springframework.scheduling.concurrent.ThreadPoolTaskScheduler(181) initialize - Initializing ExecutorService 'taskScheduler'
2020-08-27 15:20:48.246 [main] INFO  org.springframework.cloud.netflix.zuul.ZuulFilterInitializer(67) contextInitialized - Starting filter initializer
2020-08-27 15:20:48.259 [main] INFO  org.springframework.boot.actuate.endpoint.web.EndpointLinksResolver(58) <init> - Exposing 2 endpoint(s) beneath base path '/actuator'
2020-08-27 15:20:48.407 [main] INFO  org.apache.coyote.http11.Http11NioProtocol(173) log - Starting ProtocolHandler ["http-nio-8050"]
2020-08-27 15:20:48.512 [main] INFO  org.springframework.boot.web.embedded.tomcat.TomcatWebServer(220) start - Tomcat started on port(s): 8050 (http) with context path ''
2020-08-27 15:20:48.593 [main] INFO  org.springframework.amqp.rabbit.connection.CachingConnectionFactory(558) connectAddresses - Attempting to connect to: [127.0.0.1:5672]
2020-08-27 15:20:49.106 [main] INFO  org.springframework.amqp.rabbit.connection.CachingConnectionFactory(511) createBareConnection - Created new connection: rabbitConnectionFactory#34be065a:0/SimpleConnection@a4df251 [delegate=amqp://guest@127.0.0.1:5672/, localPort= 50717]
2020-08-27 15:20:49.269 [main] INFO  com.shenxu.zuul.ZuulApplication(61) logStarted - Started ZuulApplication in 7.248 seconds (JVM running for 8.795)
2020-08-27 15:20:49.878 [RMI TCP Connection(3)-172.16.210.43] INFO  org.apache.catalina.core.ContainerBase.[Tomcat].[localhost].[/](173) log - Initializing Spring DispatcherServlet 'dispatcherServlet'
2020-08-27 15:20:49.878 [RMI TCP Connection(3)-172.16.210.43] INFO  org.springframework.web.servlet.DispatcherServlet(525) initServletBean - Initializing Servlet 'dispatcherServlet'
2020-08-27 15:20:49.885 [RMI TCP Connection(3)-172.16.210.43] INFO  org.springframework.web.servlet.DispatcherServlet(547) initServletBean - Completed initialization in 7 ms
2020-08-27 15:20:51.039 [RMI TCP Connection(2)-172.16.210.43] WARN  org.springframework.boot.actuate.elasticsearch.ElasticsearchRestHealthIndicator(87) health - Elasticsearch health check failed java.net.ConnectException: Connection refused: no further information
	at org.elasticsearch.client.RestClient.extractAndWrapCause(RestClient.java:804) ~[elasticsearch-rest-client-7.1.1.jar:7.1.1]
	at org.elasticsearch.client.RestClient.performRequest(RestClient.java:225) ~[elasticsearch-rest-client-7.1.1.jar:7.1.1]
	at org.elasticsearch.client.RestClient.performRequest(RestClient.java:212) ~[elasticsearch-rest-client-7.1.1.jar:7.1.1]
	at org.springframework.boot.actuate.elasticsearch.ElasticsearchRestHealthIndicator.doHealthCheck(ElasticsearchRestHealthIndicator.java:60) ~[spring-boot-actuator-2.3.2.RELEASE.jar:2.3.2.RELEASE]
	at org.springframework.boot.actuate.health.AbstractHealthIndicator.health(AbstractHealthIndicator.java:82) ~[spring-boot-actuator-2.3.2.RELEASE.jar:2.3.2.RELEASE]
	at org.springframework.boot.actuate.health.HealthIndicator.getHealth(HealthIndicator.java:37) ~[spring-boot-actuator-2.3.2.RELEASE.jar:2.3.2.RELEASE]
	at org.springframework.boot.actuate.health.HealthEndpoint.getHealth(HealthEndpoint.java:71) ~[spring-boot-actuator-2.3.2.RELEASE.jar:2.3.2.RELEASE]
	at org.springframework.boot.actuate.health.HealthEndpoint.getHealth(HealthEndpoint.java:39) ~[spring-boot-actuator-2.3.2.RELEASE.jar:2.3.2.RELEASE]
	at org.springframework.boot.actuate.health.HealthEndpointSupport.getContribution(HealthEndpointSupport.java:99) ~[spring-boot-actuator-2.3.2.RELEASE.jar:2.3.2.RELEASE]
	at org.springframework.boot.actuate.health.HealthEndpointSupport.getAggregateHealth(HealthEndpointSupport.java:110) ~[spring-boot-actuator-2.3.2.RELEASE.jar:2.3.2.RELEASE]
	at org.springframework.boot.actuate.health.HealthEndpointSupport.getContribution(HealthEndpointSupport.java:96) ~[spring-boot-actuator-2.3.2.RELEASE.jar:2.3.2.RELEASE]
	at org.springframework.boot.actuate.health.HealthEndpointSupport.getHealth(HealthEndpointSupport.java:74) ~[spring-boot-actuator-2.3.2.RELEASE.jar:2.3.2.RELEASE]
	at org.springframework.boot.actuate.health.HealthEndpointSupport.getHealth(HealthEndpointSupport.java:61) ~[spring-boot-actuator-2.3.2.RELEASE.jar:2.3.2.RELEASE]
	at org.springframework.boot.actuate.health.HealthEndpoint.health(HealthEndpoint.java:65) ~[spring-boot-actuator-2.3.2.RELEASE.jar:2.3.2.RELEASE]
	at org.springframework.boot.actuate.health.HealthEndpoint.health(HealthEndpoint.java:55) ~[spring-boot-actuator-2.3.2.RELEASE.jar:2.3.2.RELEASE]
	at sun.reflect.NativeMethodAccessorImpl.invoke0(Native Method) ~[?:1.8.0_201]
	at sun.reflect.NativeMethodAccessorImpl.invoke(NativeMethodAccessorImpl.java:62) ~[?:1.8.0_201]
	at sun.reflect.DelegatingMethodAccessorImpl.invoke(DelegatingMethodAccessorImpl.java:43) ~[?:1.8.0_201]
	at java.lang.reflect.Method.invoke(Method.java:498) ~[?:1.8.0_201]
	at org.springframework.util.ReflectionUtils.invokeMethod(ReflectionUtils.java:282) ~[spring-core-5.2.8.RELEASE.jar:5.2.8.RELEASE]
	at org.springframework.boot.actuate.endpoint.invoke.reflect.ReflectiveOperationInvoker.invoke(ReflectiveOperationInvoker.java:77) ~[spring-boot-actuator-2.3.2.RELEASE.jar:2.3.2.RELEASE]
	at org.springframework.boot.actuate.endpoint.annotation.AbstractDiscoveredOperation.invoke(AbstractDiscoveredOperation.java:60) ~[spring-boot-actuator-2.3.2.RELEASE.jar:2.3.2.RELEASE]
	at org.springframework.boot.actuate.endpoint.jmx.EndpointMBean.invoke(EndpointMBean.java:121) ~[spring-boot-actuator-2.3.2.RELEASE.jar:2.3.2.RELEASE]
	at org.springframework.boot.actuate.endpoint.jmx.EndpointMBean.invoke(EndpointMBean.java:96) ~[spring-boot-actuator-2.3.2.RELEASE.jar:2.3.2.RELEASE]
	at com.sun.jmx.interceptor.DefaultMBeanServerInterceptor.invoke(DefaultMBeanServerInterceptor.java:819) ~[?:1.8.0_201]
	at com.sun.jmx.mbeanserver.JmxMBeanServer.invoke(JmxMBeanServer.java:801) ~[?:1.8.0_201]
	at javax.management.remote.rmi.RMIConnectionImpl.doOperation(RMIConnectionImpl.java:1468) ~[?:1.8.0_201]
	at javax.management.remote.rmi.RMIConnectionImpl.access$300(RMIConnectionImpl.java:76) ~[?:1.8.0_201]
	at javax.management.remote.rmi.RMIConnectionImpl$PrivilegedOperation.run(RMIConnectionImpl.java:1309) ~[?:1.8.0_201]
	at javax.management.remote.rmi.RMIConnectionImpl.doPrivilegedOperation(RMIConnectionImpl.java:1401) ~[?:1.8.0_201]
	at javax.management.remote.rmi.RMIConnectionImpl.invoke(RMIConnectionImpl.java:829) ~[?:1.8.0_201]
	at sun.reflect.GeneratedMethodAccessor85.invoke(Unknown Source) ~[?:?]
	at sun.reflect.DelegatingMethodAccessorImpl.invoke(DelegatingMethodAccessorImpl.java:43) ~[?:1.8.0_201]
	at java.lang.reflect.Method.invoke(Method.java:498) ~[?:1.8.0_201]
	at sun.rmi.server.UnicastServerRef.dispatch(UnicastServerRef.java:357) ~[?:1.8.0_201]
	at sun.rmi.transport.Transport$1.run(Transport.java:200) ~[?:1.8.0_201]
	at sun.rmi.transport.Transport$1.run(Transport.java:197) ~[?:1.8.0_201]
	at java.security.AccessController.doPrivileged(Native Method) ~[?:1.8.0_201]
	at sun.rmi.transport.Transport.serviceCall(Transport.java:196) ~[?:1.8.0_201]
	at sun.rmi.transport.tcp.TCPTransport.handleMessages(TCPTransport.java:573) ~[?:1.8.0_201]
	at sun.rmi.transport.tcp.TCPTransport$ConnectionHandler.run0(TCPTransport.java:834) ~[?:1.8.0_201]
	at sun.rmi.transport.tcp.TCPTransport$ConnectionHandler.lambda$run$0(TCPTransport.java:688) ~[?:1.8.0_201]
	at java.security.AccessController.doPrivileged(Native Method) ~[?:1.8.0_201]
	at sun.rmi.transport.tcp.TCPTransport$ConnectionHandler.run(TCPTransport.java:687) [?:1.8.0_201]
	at java.util.concurrent.ThreadPoolExecutor.runWorker(ThreadPoolExecutor.java:1149) [?:1.8.0_201]
	at java.util.concurrent.ThreadPoolExecutor$Worker.run(ThreadPoolExecutor.java:624) [?:1.8.0_201]
	at java.lang.Thread.run(Thread.java:748) [?:1.8.0_201]
Caused by: java.net.ConnectException: Connection refused: no further information
	at sun.nio.ch.SocketChannelImpl.checkConnect(Native Method) ~[?:1.8.0_201]
	at sun.nio.ch.SocketChannelImpl.finishConnect(SocketChannelImpl.java:717) ~[?:1.8.0_201]
	at org.apache.http.impl.nio.reactor.DefaultConnectingIOReactor.processEvent(DefaultConnectingIOReactor.java:174) ~[httpcore-nio-4.4.13.jar:4.4.13]
	at org.apache.http.impl.nio.reactor.DefaultConnectingIOReactor.processEvents(DefaultConnectingIOReactor.java:148) ~[httpcore-nio-4.4.13.jar:4.4.13]
	at org.apache.http.impl.nio.reactor.AbstractMultiworkerIOReactor.execute(AbstractMultiworkerIOReactor.java:351) ~[httpcore-nio-4.4.13.jar:4.4.13]
	at org.apache.http.impl.nio.conn.PoolingNHttpClientConnectionManager.execute(PoolingNHttpClientConnectionManager.java:221) ~[httpasyncclient-4.1.4.jar:4.1.4]
	at org.apache.http.impl.nio.client.CloseableHttpAsyncClientBase$1.run(CloseableHttpAsyncClientBase.java:64) ~[httpasyncclient-4.1.4.jar:4.1.4]
	... 1 more

