2020-08-12 14:00:47.884 [main] INFO  org.springframework.boot.test.context.SpringBootTestContextBootstrapper(308) buildDefaultMergedContextConfiguration - Neither @ContextConfiguration nor @ContextHierarchy found for test class [com.shenxu.zuul.ZuulApplicationTests], using SpringBootContextLoader
2020-08-12 14:00:47.905 [main] INFO  org.springframework.test.context.support.AbstractContextLoader(264) generateDefaultLocations - Could not detect default resource locations for test class [com.shenxu.zuul.ZuulApplicationTests]: no resource found for suffixes {-context.xml, Context.groovy}.
2020-08-12 14:00:47.907 [main] INFO  org.springframework.test.context.support.AnnotationConfigContextLoaderUtils(83) detectDefaultConfigurationClasses - Could not detect default configuration classes for test class [com.shenxu.zuul.ZuulApplicationTests]: ZuulApplicationTests does not declare any static, non-private, non-final, nested classes annotated with @Configuration.
2020-08-12 14:00:48.100 [main] INFO  org.springframework.boot.test.context.SpringBootTestContextBootstrapper(237) getOrFindConfigurationClasses - Found @SpringBootConfiguration com.shenxu.zuul.ZuulApplication for test class com.shenxu.zuul.ZuulApplicationTests
2020-08-12 14:00:48.264 [main] INFO  org.springframework.boot.test.context.SpringBootTestContextBootstrapper(248) getDefaultTestExecutionListenerClassNames - Loaded default TestExecutionListener class names from location [META-INF/spring.factories]: [org.springframework.boot.test.mock.mockito.MockitoTestExecutionListener, org.springframework.boot.test.mock.mockito.ResetMocksTestExecutionListener, org.springframework.boot.test.autoconfigure.restdocs.RestDocsTestExecutionListener, org.springframework.boot.test.autoconfigure.web.client.MockRestServiceServerResetTestExecutionListener, org.springframework.boot.test.autoconfigure.web.servlet.MockMvcPrintOnlyOnFailureTestExecutionListener, org.springframework.boot.test.autoconfigure.web.servlet.WebDriverTestExecutionListener, org.springframework.boot.test.autoconfigure.webservices.client.MockWebServiceServerTestExecutionListener, org.springframework.test.context.web.ServletTestExecutionListener, org.springframework.test.context.support.DirtiesContextBeforeModesTestExecutionListener, org.springframework.test.context.support.DependencyInjectionTestExecutionListener, org.springframework.test.context.support.DirtiesContextTestExecutionListener, org.springframework.test.context.transaction.TransactionalTestExecutionListener, org.springframework.test.context.jdbc.SqlScriptsTestExecutionListener, org.springframework.test.context.event.EventPublishingTestExecutionListener]
2020-08-12 14:00:48.286 [main] INFO  org.springframework.boot.test.context.SpringBootTestContextBootstrapper(177) getTestExecutionListeners - Using TestExecutionListeners: [org.springframework.test.context.web.ServletTestExecutionListener@6fe1b4fb, org.springframework.test.context.support.DirtiesContextBeforeModesTestExecutionListener@79351f41, org.springframework.boot.test.mock.mockito.MockitoTestExecutionListener@1c32386d, org.springframework.boot.test.autoconfigure.SpringBootDependencyInjectionTestExecutionListener@6399551e, org.springframework.test.context.support.DirtiesContextTestExecutionListener@13d73fa, org.springframework.test.context.transaction.TransactionalTestExecutionListener@5023bb8b, org.springframework.test.context.jdbc.SqlScriptsTestExecutionListener@5d5f10b2, org.springframework.test.context.event.EventPublishingTestExecutionListener@74c79fa2, org.springframework.boot.test.mock.mockito.ResetMocksTestExecutionListener@1e0f9063, org.springframework.boot.test.autoconfigure.restdocs.RestDocsTestExecutionListener@53bd8fca, org.springframework.boot.test.autoconfigure.web.client.MockRestServiceServerResetTestExecutionListener@7642df8f, org.springframework.boot.test.autoconfigure.web.servlet.MockMvcPrintOnlyOnFailureTestExecutionListener@3e30646a, org.springframework.boot.test.autoconfigure.web.servlet.WebDriverTestExecutionListener@5cde6747, org.springframework.boot.test.autoconfigure.webservices.client.MockWebServiceServerTestExecutionListener@63a270c9]
2020-08-12 14:00:49.552 [main] INFO  com.shenxu.zuul.ZuulApplicationTests(651) logStartupProfileInfo - No active profile set, falling back to default profiles: default
2020-08-12 14:00:50.560 [main] WARN  org.springframework.boot.actuate.endpoint.EndpointId(155) logWarning - Endpoint ID 'hystrix.stream' contains invalid characters, please migrate to a valid format.
2020-08-12 14:00:50.737 [main] INFO  org.springframework.cloud.context.scope.GenericScope(295) setSerializationId - BeanFactory id=c0e5a7d6-eb47-3c7e-a860-1b611b624bc8
2020-08-12 14:00:52.184 [main] WARN  com.netflix.config.sources.URLConfigurationSource(121) <init> - No URLs will be polled as dynamic configuration sources.
2020-08-12 14:00:52.185 [main] INFO  com.netflix.config.sources.URLConfigurationSource(122) <init> - To enable URLs as dynamic configuration sources, define System property archaius.configurationSource.additionalUrls or make config.properties available on classpath.
2020-08-12 14:00:52.223 [main] INFO  com.netflix.config.DynamicPropertyFactory(281) getInstance - DynamicPropertyFactory is initialized with configuration sources: com.netflix.config.ConcurrentCompositeConfiguration@52ae997b
2020-08-12 14:00:52.889 [main] WARN  com.netflix.config.sources.URLConfigurationSource(121) <init> - No URLs will be polled as dynamic configuration sources.
2020-08-12 14:00:52.890 [main] INFO  com.netflix.config.sources.URLConfigurationSource(122) <init> - To enable URLs as dynamic configuration sources, define System property archaius.configurationSource.additionalUrls or make config.properties available on classpath.
2020-08-12 14:00:53.517 [main] INFO  org.springframework.scheduling.concurrent.ThreadPoolTaskExecutor(181) initialize - Initializing ExecutorService 'applicationTaskExecutor'
2020-08-12 14:00:55.566 [main] INFO  org.springframework.cloud.netflix.zuul.ZuulFilterInitializer(67) contextInitialized - Starting filter initializer
2020-08-12 14:00:55.621 [main] INFO  org.springframework.boot.actuate.endpoint.web.EndpointLinksResolver(58) <init> - Exposing 2 endpoint(s) beneath base path '/actuator'
2020-08-12 14:00:55.753 [main] INFO  org.springframework.amqp.rabbit.connection.CachingConnectionFactory(558) connectAddresses - Attempting to connect to: [127.0.0.1:5672]
2020-08-12 14:00:56.140 [main] INFO  org.springframework.amqp.rabbit.connection.CachingConnectionFactory(511) createBareConnection - Created new connection: rabbitConnectionFactory#709f0202:0/SimpleConnection@33a47707 [delegate=amqp://guest@127.0.0.1:5672/, localPort= 53030]
2020-08-12 14:00:56.329 [main] INFO  com.shenxu.zuul.ZuulApplicationTests(61) logStarted - Started ZuulApplicationTests in 7.988 seconds (JVM running for 10.087)
2020-08-12 14:00:56.771 [SpringContextShutdownHook] INFO  org.springframework.amqp.rabbit.listener.SimpleMessageListenerContainer(647) doShutdown - Waiting for workers to finish.
2020-08-12 14:00:57.292 [SpringContextShutdownHook] INFO  org.springframework.amqp.rabbit.listener.SimpleMessageListenerContainer(650) doShutdown - Successfully waited for workers to finish.
2020-08-12 14:00:57.303 [SpringContextShutdownHook] INFO  org.springframework.amqp.rabbit.listener.SimpleMessageListenerContainer(647) doShutdown - Waiting for workers to finish.
2020-08-12 14:00:58.292 [SpringContextShutdownHook] INFO  org.springframework.amqp.rabbit.listener.SimpleMessageListenerContainer(650) doShutdown - Successfully waited for workers to finish.
2020-08-12 14:00:58.296 [SpringContextShutdownHook] INFO  org.springframework.amqp.rabbit.listener.SimpleMessageListenerContainer(647) doShutdown - Waiting for workers to finish.
2020-08-12 14:00:58.302 [SpringContextShutdownHook] INFO  org.springframework.amqp.rabbit.listener.SimpleMessageListenerContainer(650) doShutdown - Successfully waited for workers to finish.
2020-08-12 14:00:58.304 [SpringContextShutdownHook] INFO  org.springframework.amqp.rabbit.listener.SimpleMessageListenerContainer(647) doShutdown - Waiting for workers to finish.
2020-08-12 14:00:58.314 [SpringContextShutdownHook] INFO  org.springframework.amqp.rabbit.listener.SimpleMessageListenerContainer(650) doShutdown - Successfully waited for workers to finish.
2020-08-12 14:00:58.319 [SpringContextShutdownHook] INFO  org.springframework.cloud.netflix.zuul.ZuulFilterInitializer(79) contextDestroyed - Stopping filter initializer
2020-08-12 14:00:58.327 [SpringContextShutdownHook] INFO  org.springframework.amqp.rabbit.listener.SimpleMessageListenerContainer(1243) shutdown - Shutdown ignored - container is not active already
2020-08-12 14:00:58.328 [SpringContextShutdownHook] INFO  org.springframework.amqp.rabbit.listener.SimpleMessageListenerContainer(1243) shutdown - Shutdown ignored - container is not active already
2020-08-12 14:00:58.328 [SpringContextShutdownHook] INFO  org.springframework.amqp.rabbit.listener.SimpleMessageListenerContainer(1243) shutdown - Shutdown ignored - container is not active already
2020-08-12 14:00:58.329 [SpringContextShutdownHook] INFO  org.springframework.amqp.rabbit.listener.SimpleMessageListenerContainer(1243) shutdown - Shutdown ignored - container is not active already
2020-08-12 14:00:58.330 [SpringContextShutdownHook] INFO  org.springframework.scheduling.concurrent.ThreadPoolTaskExecutor(218) shutdown - Shutting down ExecutorService 'applicationTaskExecutor'
2020-08-12 17:01:55.188 [main] INFO  org.springframework.boot.test.context.SpringBootTestContextBootstrapper(308) buildDefaultMergedContextConfiguration - Neither @ContextConfiguration nor @ContextHierarchy found for test class [com.shenxu.zuul.ZuulApplicationTests], using SpringBootContextLoader
2020-08-12 17:01:55.204 [main] INFO  org.springframework.test.context.support.AbstractContextLoader(264) generateDefaultLocations - Could not detect default resource locations for test class [com.shenxu.zuul.ZuulApplicationTests]: no resource found for suffixes {-context.xml, Context.groovy}.
2020-08-12 17:01:55.205 [main] INFO  org.springframework.test.context.support.AnnotationConfigContextLoaderUtils(83) detectDefaultConfigurationClasses - Could not detect default configuration classes for test class [com.shenxu.zuul.ZuulApplicationTests]: ZuulApplicationTests does not declare any static, non-private, non-final, nested classes annotated with @Configuration.
2020-08-12 17:01:55.418 [main] INFO  org.springframework.boot.test.context.SpringBootTestContextBootstrapper(237) getOrFindConfigurationClasses - Found @SpringBootConfiguration com.shenxu.zuul.ZuulApplication for test class com.shenxu.zuul.ZuulApplicationTests
2020-08-12 17:01:55.632 [main] INFO  org.springframework.boot.test.context.SpringBootTestContextBootstrapper(248) getDefaultTestExecutionListenerClassNames - Loaded default TestExecutionListener class names from location [META-INF/spring.factories]: [org.springframework.boot.test.mock.mockito.MockitoTestExecutionListener, org.springframework.boot.test.mock.mockito.ResetMocksTestExecutionListener, org.springframework.boot.test.autoconfigure.restdocs.RestDocsTestExecutionListener, org.springframework.boot.test.autoconfigure.web.client.MockRestServiceServerResetTestExecutionListener, org.springframework.boot.test.autoconfigure.web.servlet.MockMvcPrintOnlyOnFailureTestExecutionListener, org.springframework.boot.test.autoconfigure.web.servlet.WebDriverTestExecutionListener, org.springframework.boot.test.autoconfigure.webservices.client.MockWebServiceServerTestExecutionListener, org.springframework.test.context.web.ServletTestExecutionListener, org.springframework.test.context.support.DirtiesContextBeforeModesTestExecutionListener, org.springframework.test.context.support.DependencyInjectionTestExecutionListener, org.springframework.test.context.support.DirtiesContextTestExecutionListener, org.springframework.test.context.transaction.TransactionalTestExecutionListener, org.springframework.test.context.jdbc.SqlScriptsTestExecutionListener, org.springframework.test.context.event.EventPublishingTestExecutionListener]
2020-08-12 17:01:55.666 [main] INFO  org.springframework.boot.test.context.SpringBootTestContextBootstrapper(177) getTestExecutionListeners - Using TestExecutionListeners: [org.springframework.test.context.web.ServletTestExecutionListener@5d8bafa9, org.springframework.test.context.support.DirtiesContextBeforeModesTestExecutionListener@576f63f6, org.springframework.boot.test.mock.mockito.MockitoTestExecutionListener@2dca0d64, org.springframework.boot.test.autoconfigure.SpringBootDependencyInjectionTestExecutionListener@f80945f, org.springframework.test.context.support.DirtiesContextTestExecutionListener@ff684e1, org.springframework.test.context.transaction.TransactionalTestExecutionListener@23aa363a, org.springframework.test.context.jdbc.SqlScriptsTestExecutionListener@5ef6ae06, org.springframework.test.context.event.EventPublishingTestExecutionListener@55dfebeb, org.springframework.boot.test.mock.mockito.ResetMocksTestExecutionListener@6e35bc3d, org.springframework.boot.test.autoconfigure.restdocs.RestDocsTestExecutionListener@1cdc4c27, org.springframework.boot.test.autoconfigure.web.client.MockRestServiceServerResetTestExecutionListener@77b14724, org.springframework.boot.test.autoconfigure.web.servlet.MockMvcPrintOnlyOnFailureTestExecutionListener@5d9b7a8a, org.springframework.boot.test.autoconfigure.web.servlet.WebDriverTestExecutionListener@1e8ce150, org.springframework.boot.test.autoconfigure.webservices.client.MockWebServiceServerTestExecutionListener@604f2bd2]
2020-08-12 17:01:57.289 [main] INFO  com.shenxu.zuul.ZuulApplicationTests(651) logStartupProfileInfo - No active profile set, falling back to default profiles: default
2020-08-12 17:01:58.756 [main] INFO  org.springframework.data.repository.config.RepositoryConfigurationDelegate(249) multipleStoresDetected - Multiple Spring Data modules found, entering strict repository configuration mode!
2020-08-12 17:01:58.764 [main] INFO  org.springframework.data.repository.config.RepositoryConfigurationDelegate(127) registerRepositoriesIn - Bootstrapping Spring Data Redis repositories in DEFAULT mode.
2020-08-12 17:01:58.809 [main] INFO  org.springframework.data.repository.config.RepositoryConfigurationDelegate(187) registerRepositoriesIn - Finished Spring Data repository scanning in 21ms. Found 0 Redis repository interfaces.
2020-08-12 17:01:58.975 [main] WARN  org.springframework.boot.actuate.endpoint.EndpointId(155) logWarning - Endpoint ID 'hystrix.stream' contains invalid characters, please migrate to a valid format.
2020-08-12 17:01:59.277 [main] INFO  org.springframework.cloud.context.scope.GenericScope(295) setSerializationId - BeanFactory id=3e202be9-b0ca-309d-922b-b9be10847a75
2020-08-12 17:02:00.528 [main] WARN  com.netflix.config.sources.URLConfigurationSource(121) <init> - No URLs will be polled as dynamic configuration sources.
2020-08-12 17:02:00.529 [main] INFO  com.netflix.config.sources.URLConfigurationSource(122) <init> - To enable URLs as dynamic configuration sources, define System property archaius.configurationSource.additionalUrls or make config.properties available on classpath.
2020-08-12 17:02:00.553 [main] INFO  com.netflix.config.DynamicPropertyFactory(281) getInstance - DynamicPropertyFactory is initialized with configuration sources: com.netflix.config.ConcurrentCompositeConfiguration@7b53b1ad
2020-08-12 17:02:02.235 [main] WARN  com.netflix.config.sources.URLConfigurationSource(121) <init> - No URLs will be polled as dynamic configuration sources.
2020-08-12 17:02:02.236 [main] INFO  com.netflix.config.sources.URLConfigurationSource(122) <init> - To enable URLs as dynamic configuration sources, define System property archaius.configurationSource.additionalUrls or make config.properties available on classpath.
2020-08-12 17:02:03.485 [main] INFO  org.springframework.scheduling.concurrent.ThreadPoolTaskExecutor(181) initialize - Initializing ExecutorService 'applicationTaskExecutor'
2020-08-12 17:02:06.838 [main] INFO  org.springframework.cloud.netflix.zuul.ZuulFilterInitializer(67) contextInitialized - Starting filter initializer
2020-08-12 17:02:06.963 [main] INFO  org.springframework.boot.actuate.endpoint.web.EndpointLinksResolver(58) <init> - Exposing 2 endpoint(s) beneath base path '/actuator'
2020-08-12 17:02:07.102 [main] INFO  org.springframework.amqp.rabbit.connection.CachingConnectionFactory(558) connectAddresses - Attempting to connect to: [127.0.0.1:5672]
2020-08-12 17:02:07.370 [main] INFO  org.springframework.amqp.rabbit.connection.CachingConnectionFactory(511) createBareConnection - Created new connection: rabbitConnectionFactory#7634f2b:0/SimpleConnection@1a02ebe0 [delegate=amqp://guest@127.0.0.1:5672/, localPort= 52041]
2020-08-12 17:02:07.978 [main] INFO  com.shenxu.zuul.ZuulApplicationTests(61) logStarted - Started ZuulApplicationTests in 12.247 seconds (JVM running for 14.981)
2020-08-12 17:02:09.045 [SpringContextShutdownHook] INFO  org.springframework.amqp.rabbit.listener.SimpleMessageListenerContainer(647) doShutdown - Waiting for workers to finish.
2020-08-12 17:02:09.520 [SpringContextShutdownHook] INFO  org.springframework.amqp.rabbit.listener.SimpleMessageListenerContainer(650) doShutdown - Successfully waited for workers to finish.
2020-08-12 17:02:09.526 [SpringContextShutdownHook] INFO  org.springframework.amqp.rabbit.listener.SimpleMessageListenerContainer(647) doShutdown - Waiting for workers to finish.
2020-08-12 17:02:10.527 [SpringContextShutdownHook] INFO  org.springframework.amqp.rabbit.listener.SimpleMessageListenerContainer(650) doShutdown - Successfully waited for workers to finish.
2020-08-12 17:02:10.530 [SpringContextShutdownHook] INFO  org.springframework.amqp.rabbit.listener.SimpleMessageListenerContainer(647) doShutdown - Waiting for workers to finish.
2020-08-12 17:02:10.535 [SpringContextShutdownHook] INFO  org.springframework.amqp.rabbit.listener.SimpleMessageListenerContainer(650) doShutdown - Successfully waited for workers to finish.
2020-08-12 17:02:10.539 [SpringContextShutdownHook] INFO  org.springframework.amqp.rabbit.listener.SimpleMessageListenerContainer(647) doShutdown - Waiting for workers to finish.
2020-08-12 17:02:10.962 [SpringContextShutdownHook] INFO  org.springframework.amqp.rabbit.listener.SimpleMessageListenerContainer(650) doShutdown - Successfully waited for workers to finish.
2020-08-12 17:02:10.965 [SpringContextShutdownHook] INFO  org.springframework.cloud.netflix.zuul.ZuulFilterInitializer(79) contextDestroyed - Stopping filter initializer
2020-08-12 17:02:10.977 [SpringContextShutdownHook] INFO  org.springframework.amqp.rabbit.listener.SimpleMessageListenerContainer(1243) shutdown - Shutdown ignored - container is not active already
2020-08-12 17:02:10.978 [SpringContextShutdownHook] INFO  org.springframework.amqp.rabbit.listener.SimpleMessageListenerContainer(1243) shutdown - Shutdown ignored - container is not active already
2020-08-12 17:02:10.978 [SpringContextShutdownHook] INFO  org.springframework.amqp.rabbit.listener.SimpleMessageListenerContainer(1243) shutdown - Shutdown ignored - container is not active already
2020-08-12 17:02:10.978 [SpringContextShutdownHook] INFO  org.springframework.amqp.rabbit.listener.SimpleMessageListenerContainer(1243) shutdown - Shutdown ignored - container is not active already
2020-08-12 17:02:10.979 [SpringContextShutdownHook] INFO  org.springframework.scheduling.concurrent.ThreadPoolTaskExecutor(218) shutdown - Shutting down ExecutorService 'applicationTaskExecutor'
2020-08-12 17:10:21.776 [main] INFO  org.springframework.boot.test.context.SpringBootTestContextBootstrapper(308) buildDefaultMergedContextConfiguration - Neither @ContextConfiguration nor @ContextHierarchy found for test class [com.shenxu.zuul.ZuulApplicationTests], using SpringBootContextLoader
2020-08-12 17:10:21.800 [main] INFO  org.springframework.test.context.support.AbstractContextLoader(264) generateDefaultLocations - Could not detect default resource locations for test class [com.shenxu.zuul.ZuulApplicationTests]: no resource found for suffixes {-context.xml, Context.groovy}.
2020-08-12 17:10:21.801 [main] INFO  org.springframework.test.context.support.AnnotationConfigContextLoaderUtils(83) detectDefaultConfigurationClasses - Could not detect default configuration classes for test class [com.shenxu.zuul.ZuulApplicationTests]: ZuulApplicationTests does not declare any static, non-private, non-final, nested classes annotated with @Configuration.
2020-08-12 17:10:22.182 [main] INFO  org.springframework.boot.test.context.SpringBootTestContextBootstrapper(237) getOrFindConfigurationClasses - Found @SpringBootConfiguration com.shenxu.zuul.ZuulApplication for test class com.shenxu.zuul.ZuulApplicationTests
2020-08-12 17:10:22.754 [main] INFO  org.springframework.boot.test.context.SpringBootTestContextBootstrapper(248) getDefaultTestExecutionListenerClassNames - Loaded default TestExecutionListener class names from location [META-INF/spring.factories]: [org.springframework.boot.test.mock.mockito.MockitoTestExecutionListener, org.springframework.boot.test.mock.mockito.ResetMocksTestExecutionListener, org.springframework.boot.test.autoconfigure.restdocs.RestDocsTestExecutionListener, org.springframework.boot.test.autoconfigure.web.client.MockRestServiceServerResetTestExecutionListener, org.springframework.boot.test.autoconfigure.web.servlet.MockMvcPrintOnlyOnFailureTestExecutionListener, org.springframework.boot.test.autoconfigure.web.servlet.WebDriverTestExecutionListener, org.springframework.boot.test.autoconfigure.webservices.client.MockWebServiceServerTestExecutionListener, org.springframework.test.context.web.ServletTestExecutionListener, org.springframework.test.context.support.DirtiesContextBeforeModesTestExecutionListener, org.springframework.test.context.support.DependencyInjectionTestExecutionListener, org.springframework.test.context.support.DirtiesContextTestExecutionListener, org.springframework.test.context.transaction.TransactionalTestExecutionListener, org.springframework.test.context.jdbc.SqlScriptsTestExecutionListener, org.springframework.test.context.event.EventPublishingTestExecutionListener]
2020-08-12 17:10:22.792 [main] INFO  org.springframework.boot.test.context.SpringBootTestContextBootstrapper(177) getTestExecutionListeners - Using TestExecutionListeners: [org.springframework.test.context.web.ServletTestExecutionListener@57abad67, org.springframework.test.context.support.DirtiesContextBeforeModesTestExecutionListener@550a1967, org.springframework.boot.test.mock.mockito.MockitoTestExecutionListener@2a640157, org.springframework.boot.test.autoconfigure.SpringBootDependencyInjectionTestExecutionListener@52851b44, org.springframework.test.context.support.DirtiesContextTestExecutionListener@584f54e6, org.springframework.test.context.transaction.TransactionalTestExecutionListener@5d8bafa9, org.springframework.test.context.jdbc.SqlScriptsTestExecutionListener@576f63f6, org.springframework.test.context.event.EventPublishingTestExecutionListener@2dca0d64, org.springframework.boot.test.mock.mockito.ResetMocksTestExecutionListener@f80945f, org.springframework.boot.test.autoconfigure.restdocs.RestDocsTestExecutionListener@ff684e1, org.springframework.boot.test.autoconfigure.web.client.MockRestServiceServerResetTestExecutionListener@23aa363a, org.springframework.boot.test.autoconfigure.web.servlet.MockMvcPrintOnlyOnFailureTestExecutionListener@5ef6ae06, org.springframework.boot.test.autoconfigure.web.servlet.WebDriverTestExecutionListener@55dfebeb, org.springframework.boot.test.autoconfigure.webservices.client.MockWebServiceServerTestExecutionListener@6e35bc3d]
2020-08-12 17:10:25.231 [main] INFO  com.shenxu.zuul.ZuulApplicationTests(651) logStartupProfileInfo - No active profile set, falling back to default profiles: default
2020-08-12 17:10:26.275 [main] WARN  org.springframework.web.context.support.GenericWebApplicationContext(559) refresh - Exception encountered during context initialization - cancelling refresh attempt: org.springframework.beans.factory.support.BeanDefinitionOverrideException: Invalid bean definition with name 'redisCacheComponent' defined in class path resource [com/shenxu/zuul/config/WebMvcConfig.class]: Cannot register bean definition [Root bean: class [null]; scope=; abstract=false; lazyInit=null; autowireMode=3; dependencyCheck=0; autowireCandidate=true; primary=false; factoryBeanName=webMvcConfig; factoryMethodName=redisCacheComponent; initMethodName=null; destroyMethodName=(inferred); defined in class path resource [com/shenxu/zuul/config/WebMvcConfig.class]] for bean 'redisCacheComponent': There is already [Generic bean: class [com.shenxu.zuul.util.RedisCacheComponent]; scope=singleton; abstract=false; lazyInit=null; autowireMode=0; dependencyCheck=0; autowireCandidate=true; primary=false; factoryBeanName=null; factoryMethodName=null; initMethodName=null; destroyMethodName=null; defined in file [E:\shenxu\zuul\target\classes\com\shenxu\zuul\util\RedisCacheComponent.class]] bound.
2020-08-12 17:10:26.295 [main] INFO  org.springframework.boot.autoconfigure.logging.ConditionEvaluationReportLoggingListener(136) logMessage - 

Error starting ApplicationContext. To display the conditions report re-run your application with 'debug' enabled.
2020-08-12 17:10:26.301 [main] ERROR org.springframework.boot.diagnostics.LoggingFailureAnalysisReporter(40) report - 

***************************
APPLICATION FAILED TO START
***************************

Description:

The bean 'redisCacheComponent', defined in class path resource [com/shenxu/zuul/config/WebMvcConfig.class], could not be registered. A bean with that name has already been defined in file [E:\shenxu\zuul\target\classes\com\shenxu\zuul\util\RedisCacheComponent.class] and overriding is disabled.

Action:

Consider renaming one of the beans or enabling overriding by setting spring.main.allow-bean-definition-overriding=true

2020-08-12 17:10:26.304 [main] ERROR org.springframework.test.context.TestContextManager(248) prepareTestInstance - Caught exception while allowing TestExecutionListener [org.springframework.test.context.web.ServletTestExecutionListener@57abad67] to prepare test instance [com.shenxu.zuul.ZuulApplicationTests@64fc097e] java.lang.IllegalStateException: Failed to load ApplicationContext
	at org.springframework.test.context.cache.DefaultCacheAwareContextLoaderDelegate.loadContext(DefaultCacheAwareContextLoaderDelegate.java:132) ~[spring-test-5.2.8.RELEASE.jar:5.2.8.RELEASE]
	at org.springframework.test.context.support.DefaultTestContext.getApplicationContext(DefaultTestContext.java:123) ~[spring-test-5.2.8.RELEASE.jar:5.2.8.RELEASE]
	at org.springframework.test.context.web.ServletTestExecutionListener.setUpRequestContextIfNecessary(ServletTestExecutionListener.java:190) ~[spring-test-5.2.8.RELEASE.jar:5.2.8.RELEASE]
	at org.springframework.test.context.web.ServletTestExecutionListener.prepareTestInstance(ServletTestExecutionListener.java:132) ~[spring-test-5.2.8.RELEASE.jar:5.2.8.RELEASE]
	at org.springframework.test.context.TestContextManager.prepareTestInstance(TestContextManager.java:244) ~[spring-test-5.2.8.RELEASE.jar:5.2.8.RELEASE]
	at org.springframework.test.context.junit.jupiter.SpringExtension.postProcessTestInstance(SpringExtension.java:98) ~[spring-test-5.2.8.RELEASE.jar:5.2.8.RELEASE]
	at org.junit.jupiter.engine.descriptor.ClassBasedTestDescriptor.lambda$invokeTestInstancePostProcessors$5(ClassBasedTestDescriptor.java:341) ~[junit-jupiter-engine-5.6.2.jar:5.6.2]
	at org.junit.jupiter.engine.descriptor.ClassBasedTestDescriptor.executeAndMaskThrowable(ClassBasedTestDescriptor.java:346) ~[junit-jupiter-engine-5.6.2.jar:5.6.2]
	at org.junit.jupiter.engine.descriptor.ClassBasedTestDescriptor.lambda$invokeTestInstancePostProcessors$6(ClassBasedTestDescriptor.java:341) ~[junit-jupiter-engine-5.6.2.jar:5.6.2]
	at java.util.stream.ReferencePipeline$3$1.accept(ReferencePipeline.java:193) ~[?:1.8.0_201]
	at java.util.stream.ReferencePipeline$2$1.accept(ReferencePipeline.java:175) ~[?:1.8.0_201]
	at java.util.ArrayList$ArrayListSpliterator.forEachRemaining(ArrayList.java:1382) ~[?:1.8.0_201]
	at java.util.stream.AbstractPipeline.copyInto(AbstractPipeline.java:481) ~[?:1.8.0_201]
	at java.util.stream.AbstractPipeline.wrapAndCopyInto(AbstractPipeline.java:471) ~[?:1.8.0_201]
	at java.util.stream.StreamSpliterators$WrappingSpliterator.forEachRemaining(StreamSpliterators.java:312) ~[?:1.8.0_201]
	at java.util.stream.Streams$ConcatSpliterator.forEachRemaining(Streams.java:743) ~[?:1.8.0_201]
	at java.util.stream.Streams$ConcatSpliterator.forEachRemaining(Streams.java:742) ~[?:1.8.0_201]
	at java.util.stream.ReferencePipeline$Head.forEach(ReferencePipeline.java:580) ~[?:1.8.0_201]
	at org.junit.jupiter.engine.descriptor.ClassBasedTestDescriptor.invokeTestInstancePostProcessors(ClassBasedTestDescriptor.java:340) ~[junit-jupiter-engine-5.6.2.jar:5.6.2]
	at org.junit.jupiter.engine.descriptor.ClassBasedTestDescriptor.instantiateAndPostProcessTestInstance(ClassBasedTestDescriptor.java:263) ~[junit-jupiter-engine-5.6.2.jar:5.6.2]
	at org.junit.jupiter.engine.descriptor.ClassBasedTestDescriptor.lambda$testInstancesProvider$2(ClassBasedTestDescriptor.java:256) ~[junit-jupiter-engine-5.6.2.jar:5.6.2]
	at java.util.Optional.orElseGet(Optional.java:267) ~[?:1.8.0_201]
	at org.junit.jupiter.engine.descriptor.ClassBasedTestDescriptor.lambda$testInstancesProvider$3(ClassBasedTestDescriptor.java:255) ~[junit-jupiter-engine-5.6.2.jar:5.6.2]
	at org.junit.jupiter.engine.execution.TestInstancesProvider.getTestInstances(TestInstancesProvider.java:29) ~[junit-jupiter-engine-5.6.2.jar:5.6.2]
	at org.junit.jupiter.engine.descriptor.TestMethodTestDescriptor.lambda$prepare$0(TestMethodTestDescriptor.java:108) ~[junit-jupiter-engine-5.6.2.jar:5.6.2]
	at org.junit.platform.engine.support.hierarchical.ThrowableCollector.execute(ThrowableCollector.java:73) ~[junit-platform-engine-1.6.2.jar:1.6.2]
	at org.junit.jupiter.engine.descriptor.TestMethodTestDescriptor.prepare(TestMethodTestDescriptor.java:107) ~[junit-jupiter-engine-5.6.2.jar:5.6.2]
	at org.junit.jupiter.engine.descriptor.TestMethodTestDescriptor.prepare(TestMethodTestDescriptor.java:71) ~[junit-jupiter-engine-5.6.2.jar:5.6.2]
	at org.junit.platform.engine.support.hierarchical.NodeTestTask.lambda$prepare$1(NodeTestTask.java:107) ~[junit-platform-engine-1.6.2.jar:1.6.2]
	at org.junit.platform.engine.support.hierarchical.ThrowableCollector.execute(ThrowableCollector.java:73) ~[junit-platform-engine-1.6.2.jar:1.6.2]
	at org.junit.platform.engine.support.hierarchical.NodeTestTask.prepare(NodeTestTask.java:107) ~[junit-platform-engine-1.6.2.jar:1.6.2]
	at org.junit.platform.engine.support.hierarchical.NodeTestTask.execute(NodeTestTask.java:75) ~[junit-platform-engine-1.6.2.jar:1.6.2]
	at java.util.ArrayList.forEach(ArrayList.java:1257) ~[?:1.8.0_201]
	at org.junit.platform.engine.support.hierarchical.SameThreadHierarchicalTestExecutorService.invokeAll(SameThreadHierarchicalTestExecutorService.java:38) ~[junit-platform-engine-1.6.2.jar:1.6.2]
	at org.junit.platform.engine.support.hierarchical.NodeTestTask.lambda$executeRecursively$5(NodeTestTask.java:139) ~[junit-platform-engine-1.6.2.jar:1.6.2]
	at org.junit.platform.engine.support.hierarchical.ThrowableCollector.execute(ThrowableCollector.java:73) ~[junit-platform-engine-1.6.2.jar:1.6.2]
	at org.junit.platform.engine.support.hierarchical.NodeTestTask.lambda$executeRecursively$7(NodeTestTask.java:125) ~[junit-platform-engine-1.6.2.jar:1.6.2]
	at org.junit.platform.engine.support.hierarchical.Node.around(Node.java:135) ~[junit-platform-engine-1.6.2.jar:1.6.2]
	at org.junit.platform.engine.support.hierarchical.NodeTestTask.lambda$executeRecursively$8(NodeTestTask.java:123) ~[junit-platform-engine-1.6.2.jar:1.6.2]
	at org.junit.platform.engine.support.hierarchical.ThrowableCollector.execute(ThrowableCollector.java:73) ~[junit-platform-engine-1.6.2.jar:1.6.2]
	at org.junit.platform.engine.support.hierarchical.NodeTestTask.executeRecursively(NodeTestTask.java:122) ~[junit-platform-engine-1.6.2.jar:1.6.2]
	at org.junit.platform.engine.support.hierarchical.NodeTestTask.execute(NodeTestTask.java:80) ~[junit-platform-engine-1.6.2.jar:1.6.2]
	at java.util.ArrayList.forEach(ArrayList.java:1257) ~[?:1.8.0_201]
	at org.junit.platform.engine.support.hierarchical.SameThreadHierarchicalTestExecutorService.invokeAll(SameThreadHierarchicalTestExecutorService.java:38) ~[junit-platform-engine-1.6.2.jar:1.6.2]
	at org.junit.platform.engine.support.hierarchical.NodeTestTask.lambda$executeRecursively$5(NodeTestTask.java:139) ~[junit-platform-engine-1.6.2.jar:1.6.2]
	at org.junit.platform.engine.support.hierarchical.ThrowableCollector.execute(ThrowableCollector.java:73) ~[junit-platform-engine-1.6.2.jar:1.6.2]
	at org.junit.platform.engine.support.hierarchical.NodeTestTask.lambda$executeRecursively$7(NodeTestTask.java:125) ~[junit-platform-engine-1.6.2.jar:1.6.2]
	at org.junit.platform.engine.support.hierarchical.Node.around(Node.java:135) ~[junit-platform-engine-1.6.2.jar:1.6.2]
	at org.junit.platform.engine.support.hierarchical.NodeTestTask.lambda$executeRecursively$8(NodeTestTask.java:123) ~[junit-platform-engine-1.6.2.jar:1.6.2]
	at org.junit.platform.engine.support.hierarchical.ThrowableCollector.execute(ThrowableCollector.java:73) ~[junit-platform-engine-1.6.2.jar:1.6.2]
	at org.junit.platform.engine.support.hierarchical.NodeTestTask.executeRecursively(NodeTestTask.java:122) ~[junit-platform-engine-1.6.2.jar:1.6.2]
	at org.junit.platform.engine.support.hierarchical.NodeTestTask.execute(NodeTestTask.java:80) ~[junit-platform-engine-1.6.2.jar:1.6.2]
	at org.junit.platform.engine.support.hierarchical.SameThreadHierarchicalTestExecutorService.submit(SameThreadHierarchicalTestExecutorService.java:32) ~[junit-platform-engine-1.6.2.jar:1.6.2]
	at org.junit.platform.engine.support.hierarchical.HierarchicalTestExecutor.execute(HierarchicalTestExecutor.java:57) ~[junit-platform-engine-1.6.2.jar:1.6.2]
	at org.junit.platform.engine.support.hierarchical.HierarchicalTestEngine.execute(HierarchicalTestEngine.java:51) ~[junit-platform-engine-1.6.2.jar:1.6.2]
	at org.junit.platform.launcher.core.DefaultLauncher.execute(DefaultLauncher.java:248) ~[junit-platform-launcher-1.6.2.jar:1.6.2]
	at org.junit.platform.launcher.core.DefaultLauncher.lambda$execute$5(DefaultLauncher.java:211) ~[junit-platform-launcher-1.6.2.jar:1.6.2]
	at org.junit.platform.launcher.core.DefaultLauncher.withInterceptedStreams(DefaultLauncher.java:226) [junit-platform-launcher-1.6.2.jar:1.6.2]
	at org.junit.platform.launcher.core.DefaultLauncher.execute(DefaultLauncher.java:199) [junit-platform-launcher-1.6.2.jar:1.6.2]
	at org.junit.platform.launcher.core.DefaultLauncher.execute(DefaultLauncher.java:132) [junit-platform-launcher-1.6.2.jar:1.6.2]
	at com.intellij.junit5.JUnit5IdeaTestRunner.startRunnerWithArgs(JUnit5IdeaTestRunner.java:69) [junit5-rt.jar:?]
	at com.intellij.rt.execution.junit.IdeaTestRunner$Repeater.startRunnerWithArgs(IdeaTestRunner.java:47) [junit-rt.jar:?]
	at com.intellij.rt.execution.junit.JUnitStarter.prepareStreamsAndStart(JUnitStarter.java:242) [junit-rt.jar:?]
	at com.intellij.rt.execution.junit.JUnitStarter.main(JUnitStarter.java:70) [junit-rt.jar:?]
Caused by: org.springframework.beans.factory.support.BeanDefinitionOverrideException: Invalid bean definition with name 'redisCacheComponent' defined in class path resource [com/shenxu/zuul/config/WebMvcConfig.class]: Cannot register bean definition [Root bean: class [null]; scope=; abstract=false; lazyInit=null; autowireMode=3; dependencyCheck=0; autowireCandidate=true; primary=false; factoryBeanName=webMvcConfig; factoryMethodName=redisCacheComponent; initMethodName=null; destroyMethodName=(inferred); defined in class path resource [com/shenxu/zuul/config/WebMvcConfig.class]] for bean 'redisCacheComponent': There is already [Generic bean: class [com.shenxu.zuul.util.RedisCacheComponent]; scope=singleton; abstract=false; lazyInit=null; autowireMode=0; dependencyCheck=0; autowireCandidate=true; primary=false; factoryBeanName=null; factoryMethodName=null; initMethodName=null; destroyMethodName=null; defined in file [E:\shenxu\zuul\target\classes\com\shenxu\zuul\util\RedisCacheComponent.class]] bound.
	at org.springframework.beans.factory.support.DefaultListableBeanFactory.registerBeanDefinition(DefaultListableBeanFactory.java:945) ~[spring-beans-5.2.8.RELEASE.jar:5.2.8.RELEASE]
	at org.springframework.context.annotation.ConfigurationClassBeanDefinitionReader.loadBeanDefinitionsForBeanMethod(ConfigurationClassBeanDefinitionReader.java:286) ~[spring-context-5.2.8.RELEASE.jar:5.2.8.RELEASE]
	at org.springframework.context.annotation.ConfigurationClassBeanDefinitionReader.loadBeanDefinitionsForConfigurationClass(ConfigurationClassBeanDefinitionReader.java:144) ~[spring-context-5.2.8.RELEASE.jar:5.2.8.RELEASE]
	at org.springframework.context.annotation.ConfigurationClassBeanDefinitionReader.loadBeanDefinitions(ConfigurationClassBeanDefinitionReader.java:120) ~[spring-context-5.2.8.RELEASE.jar:5.2.8.RELEASE]
	at org.springframework.context.annotation.ConfigurationClassPostProcessor.processConfigBeanDefinitions(ConfigurationClassPostProcessor.java:331) ~[spring-context-5.2.8.RELEASE.jar:5.2.8.RELEASE]
	at org.springframework.context.annotation.ConfigurationClassPostProcessor.postProcessBeanDefinitionRegistry(ConfigurationClassPostProcessor.java:236) ~[spring-context-5.2.8.RELEASE.jar:5.2.8.RELEASE]
	at org.springframework.context.support.PostProcessorRegistrationDelegate.invokeBeanDefinitionRegistryPostProcessors(PostProcessorRegistrationDelegate.java:280) ~[spring-context-5.2.8.RELEASE.jar:5.2.8.RELEASE]
	at org.springframework.context.support.PostProcessorRegistrationDelegate.invokeBeanFactoryPostProcessors(PostProcessorRegistrationDelegate.java:96) ~[spring-context-5.2.8.RELEASE.jar:5.2.8.RELEASE]
	at org.springframework.context.support.AbstractApplicationContext.invokeBeanFactoryPostProcessors(AbstractApplicationContext.java:707) ~[spring-context-5.2.8.RELEASE.jar:5.2.8.RELEASE]
	at org.springframework.context.support.AbstractApplicationContext.refresh(AbstractApplicationContext.java:533) ~[spring-context-5.2.8.RELEASE.jar:5.2.8.RELEASE]
	at org.springframework.boot.SpringApplication.refresh(SpringApplication.java:758) ~[spring-boot-2.3.2.RELEASE.jar:2.3.2.RELEASE]
	at org.springframework.boot.SpringApplication.refresh(SpringApplication.java:750) ~[spring-boot-2.3.2.RELEASE.jar:2.3.2.RELEASE]
	at org.springframework.boot.SpringApplication.refreshContext(SpringApplication.java:397) ~[spring-boot-2.3.2.RELEASE.jar:2.3.2.RELEASE]
	at org.springframework.boot.SpringApplication.run(SpringApplication.java:315) ~[spring-boot-2.3.2.RELEASE.jar:2.3.2.RELEASE]
	at org.springframework.boot.test.context.SpringBootContextLoader.loadContext(SpringBootContextLoader.java:120) ~[spring-boot-test-2.3.2.RELEASE.jar:2.3.2.RELEASE]
	at org.springframework.test.context.cache.DefaultCacheAwareContextLoaderDelegate.loadContextInternal(DefaultCacheAwareContextLoaderDelegate.java:99) ~[spring-test-5.2.8.RELEASE.jar:5.2.8.RELEASE]
	at org.springframework.test.context.cache.DefaultCacheAwareContextLoaderDelegate.loadContext(DefaultCacheAwareContextLoaderDelegate.java:124) ~[spring-test-5.2.8.RELEASE.jar:5.2.8.RELEASE]
	... 63 more

2020-08-12 17:15:28.348 [main] INFO  org.springframework.boot.test.context.SpringBootTestContextBootstrapper(308) buildDefaultMergedContextConfiguration - Neither @ContextConfiguration nor @ContextHierarchy found for test class [com.shenxu.zuul.ZuulApplicationTests], using SpringBootContextLoader
2020-08-12 17:15:28.375 [main] INFO  org.springframework.test.context.support.AbstractContextLoader(264) generateDefaultLocations - Could not detect default resource locations for test class [com.shenxu.zuul.ZuulApplicationTests]: no resource found for suffixes {-context.xml, Context.groovy}.
2020-08-12 17:15:28.376 [main] INFO  org.springframework.test.context.support.AnnotationConfigContextLoaderUtils(83) detectDefaultConfigurationClasses - Could not detect default configuration classes for test class [com.shenxu.zuul.ZuulApplicationTests]: ZuulApplicationTests does not declare any static, non-private, non-final, nested classes annotated with @Configuration.
2020-08-12 17:15:28.605 [main] INFO  org.springframework.boot.test.context.SpringBootTestContextBootstrapper(237) getOrFindConfigurationClasses - Found @SpringBootConfiguration com.shenxu.zuul.ZuulApplication for test class com.shenxu.zuul.ZuulApplicationTests
2020-08-12 17:15:28.854 [main] INFO  org.springframework.boot.test.context.SpringBootTestContextBootstrapper(248) getDefaultTestExecutionListenerClassNames - Loaded default TestExecutionListener class names from location [META-INF/spring.factories]: [org.springframework.boot.test.mock.mockito.MockitoTestExecutionListener, org.springframework.boot.test.mock.mockito.ResetMocksTestExecutionListener, org.springframework.boot.test.autoconfigure.restdocs.RestDocsTestExecutionListener, org.springframework.boot.test.autoconfigure.web.client.MockRestServiceServerResetTestExecutionListener, org.springframework.boot.test.autoconfigure.web.servlet.MockMvcPrintOnlyOnFailureTestExecutionListener, org.springframework.boot.test.autoconfigure.web.servlet.WebDriverTestExecutionListener, org.springframework.boot.test.autoconfigure.webservices.client.MockWebServiceServerTestExecutionListener, org.springframework.test.context.web.ServletTestExecutionListener, org.springframework.test.context.support.DirtiesContextBeforeModesTestExecutionListener, org.springframework.test.context.support.DependencyInjectionTestExecutionListener, org.springframework.test.context.support.DirtiesContextTestExecutionListener, org.springframework.test.context.transaction.TransactionalTestExecutionListener, org.springframework.test.context.jdbc.SqlScriptsTestExecutionListener, org.springframework.test.context.event.EventPublishingTestExecutionListener]
2020-08-12 17:15:28.880 [main] INFO  org.springframework.boot.test.context.SpringBootTestContextBootstrapper(177) getTestExecutionListeners - Using TestExecutionListeners: [org.springframework.test.context.web.ServletTestExecutionListener@57abad67, org.springframework.test.context.support.DirtiesContextBeforeModesTestExecutionListener@550a1967, org.springframework.boot.test.mock.mockito.MockitoTestExecutionListener@2a640157, org.springframework.boot.test.autoconfigure.SpringBootDependencyInjectionTestExecutionListener@52851b44, org.springframework.test.context.support.DirtiesContextTestExecutionListener@584f54e6, org.springframework.test.context.transaction.TransactionalTestExecutionListener@5d8bafa9, org.springframework.test.context.jdbc.SqlScriptsTestExecutionListener@576f63f6, org.springframework.test.context.event.EventPublishingTestExecutionListener@2dca0d64, org.springframework.boot.test.mock.mockito.ResetMocksTestExecutionListener@f80945f, org.springframework.boot.test.autoconfigure.restdocs.RestDocsTestExecutionListener@ff684e1, org.springframework.boot.test.autoconfigure.web.client.MockRestServiceServerResetTestExecutionListener@23aa363a, org.springframework.boot.test.autoconfigure.web.servlet.MockMvcPrintOnlyOnFailureTestExecutionListener@5ef6ae06, org.springframework.boot.test.autoconfigure.web.servlet.WebDriverTestExecutionListener@55dfebeb, org.springframework.boot.test.autoconfigure.webservices.client.MockWebServiceServerTestExecutionListener@6e35bc3d]
2020-08-12 17:15:31.211 [main] INFO  com.shenxu.zuul.ZuulApplicationTests(651) logStartupProfileInfo - No active profile set, falling back to default profiles: default
2020-08-12 17:15:32.563 [main] INFO  org.springframework.data.repository.config.RepositoryConfigurationDelegate(249) multipleStoresDetected - Multiple Spring Data modules found, entering strict repository configuration mode!
2020-08-12 17:15:32.572 [main] INFO  org.springframework.data.repository.config.RepositoryConfigurationDelegate(127) registerRepositoriesIn - Bootstrapping Spring Data Redis repositories in DEFAULT mode.
2020-08-12 17:15:32.707 [main] INFO  org.springframework.data.repository.config.RepositoryConfigurationDelegate(187) registerRepositoriesIn - Finished Spring Data repository scanning in 57ms. Found 0 Redis repository interfaces.
2020-08-12 17:15:32.859 [main] WARN  org.springframework.boot.actuate.endpoint.EndpointId(155) logWarning - Endpoint ID 'hystrix.stream' contains invalid characters, please migrate to a valid format.
2020-08-12 17:15:33.317 [main] INFO  org.springframework.cloud.context.scope.GenericScope(295) setSerializationId - BeanFactory id=75c068d1-85f9-3732-9556-17272f7fd41c
2020-08-12 17:15:36.245 [main] WARN  com.netflix.config.sources.URLConfigurationSource(121) <init> - No URLs will be polled as dynamic configuration sources.
2020-08-12 17:15:36.247 [main] INFO  com.netflix.config.sources.URLConfigurationSource(122) <init> - To enable URLs as dynamic configuration sources, define System property archaius.configurationSource.additionalUrls or make config.properties available on classpath.
2020-08-12 17:15:36.273 [main] INFO  com.netflix.config.DynamicPropertyFactory(281) getInstance - DynamicPropertyFactory is initialized with configuration sources: com.netflix.config.ConcurrentCompositeConfiguration@4f3e9fbb
2020-08-12 17:15:38.212 [main] WARN  com.netflix.config.sources.URLConfigurationSource(121) <init> - No URLs will be polled as dynamic configuration sources.
2020-08-12 17:15:38.213 [main] INFO  com.netflix.config.sources.URLConfigurationSource(122) <init> - To enable URLs as dynamic configuration sources, define System property archaius.configurationSource.additionalUrls or make config.properties available on classpath.
2020-08-12 17:15:39.394 [main] INFO  org.springframework.scheduling.concurrent.ThreadPoolTaskExecutor(181) initialize - Initializing ExecutorService 'applicationTaskExecutor'
2020-08-12 17:15:48.450 [main] INFO  org.springframework.cloud.netflix.zuul.ZuulFilterInitializer(67) contextInitialized - Starting filter initializer
2020-08-12 17:15:48.708 [main] INFO  org.springframework.boot.actuate.endpoint.web.EndpointLinksResolver(58) <init> - Exposing 2 endpoint(s) beneath base path '/actuator'
2020-08-12 17:15:49.876 [main] INFO  org.springframework.amqp.rabbit.connection.CachingConnectionFactory(558) connectAddresses - Attempting to connect to: [127.0.0.1:5672]
2020-08-12 17:15:50.188 [main] INFO  org.springframework.amqp.rabbit.connection.CachingConnectionFactory(511) createBareConnection - Created new connection: rabbitConnectionFactory#624b523:0/SimpleConnection@1a02ebe0 [delegate=amqp://guest@127.0.0.1:5672/, localPort= 53173]
2020-08-12 17:15:50.487 [main] INFO  com.shenxu.zuul.ZuulApplicationTests(61) logStarted - Started ZuulApplicationTests in 21.547 seconds (JVM running for 24.695)
2020-08-12 17:15:52.046 [SpringContextShutdownHook] INFO  org.springframework.amqp.rabbit.listener.SimpleMessageListenerContainer(647) doShutdown - Waiting for workers to finish.
2020-08-12 17:15:52.367 [SpringContextShutdownHook] INFO  org.springframework.amqp.rabbit.listener.SimpleMessageListenerContainer(650) doShutdown - Successfully waited for workers to finish.
2020-08-12 17:15:52.370 [SpringContextShutdownHook] INFO  org.springframework.amqp.rabbit.listener.SimpleMessageListenerContainer(647) doShutdown - Waiting for workers to finish.
2020-08-12 17:15:52.382 [SpringContextShutdownHook] INFO  org.springframework.amqp.rabbit.listener.SimpleMessageListenerContainer(650) doShutdown - Successfully waited for workers to finish.
2020-08-12 17:15:52.387 [SpringContextShutdownHook] INFO  org.springframework.amqp.rabbit.listener.SimpleMessageListenerContainer(647) doShutdown - Waiting for workers to finish.
2020-08-12 17:15:52.753 [SpringContextShutdownHook] INFO  org.springframework.amqp.rabbit.listener.SimpleMessageListenerContainer(650) doShutdown - Successfully waited for workers to finish.
2020-08-12 17:15:52.756 [SpringContextShutdownHook] INFO  org.springframework.amqp.rabbit.listener.SimpleMessageListenerContainer(647) doShutdown - Waiting for workers to finish.
2020-08-12 17:15:52.784 [SpringContextShutdownHook] INFO  org.springframework.amqp.rabbit.listener.SimpleMessageListenerContainer(650) doShutdown - Successfully waited for workers to finish.
2020-08-12 17:15:52.788 [SpringContextShutdownHook] INFO  org.springframework.cloud.netflix.zuul.ZuulFilterInitializer(79) contextDestroyed - Stopping filter initializer
2020-08-12 17:15:52.796 [SpringContextShutdownHook] INFO  org.springframework.amqp.rabbit.listener.SimpleMessageListenerContainer(1243) shutdown - Shutdown ignored - container is not active already
2020-08-12 17:15:52.796 [SpringContextShutdownHook] INFO  org.springframework.amqp.rabbit.listener.SimpleMessageListenerContainer(1243) shutdown - Shutdown ignored - container is not active already
2020-08-12 17:15:52.796 [SpringContextShutdownHook] INFO  org.springframework.amqp.rabbit.listener.SimpleMessageListenerContainer(1243) shutdown - Shutdown ignored - container is not active already
2020-08-12 17:15:52.797 [SpringContextShutdownHook] INFO  org.springframework.amqp.rabbit.listener.SimpleMessageListenerContainer(1243) shutdown - Shutdown ignored - container is not active already
2020-08-12 17:15:52.798 [SpringContextShutdownHook] INFO  org.springframework.scheduling.concurrent.ThreadPoolTaskExecutor(218) shutdown - Shutting down ExecutorService 'applicationTaskExecutor'
MocksTestExecutionListener@23aa363a, org.springframework.boot.test.autoconfigure.restdocs.RestDocsTestExecutionListener@5ef6ae06, org.springframework.boot.test.autoconfigure.web.client.MockRestServiceServerResetTestExecutionListener@55dfebeb, org.springframework.boot.test.autoconfigure.web.servlet.MockMvcPrintOnlyOnFailureTestExecutionListener@6e35bc3d, org.springframework.boot.test.autoconfigure.web.servlet.WebDriverTestExecutionListener@1cdc4c27, org.springframework.boot.test.autoconfigure.webservices.client.MockWebServiceServerTestExecutionListener@77b14724]
2020-08-12 17:15:52.389 [main] INFO  com.shenxu.zuul.ZuulApplicationTests(651) logStartupProfileInfo - No active profile set, falling back to default profiles: default
2020-08-12 17:15:53.786 [main] INFO  org.springframework.data.repository.config.RepositoryConfigurationDelegate(249) multipleStoresDetected - Multiple Spring Data modules found, entering strict repository configuration mode!
2020-08-12 17:15:53.791 [main] INFO  org.springframework.data.repository.config.RepositoryConfigurationDelegate(127) registerRepositoriesIn - Bootstrapping Spring Data Redis repositories in DEFAULT mode.
2020-08-12 17:15:53.839 [main] INFO  org.springframework.data.repository.config.RepositoryConfigurationDelegate(187) registerRepositoriesIn - Finished Spring Data repository scanning in 21ms. Found 0 Redis repository interfaces.
2020-08-12 17:15:54.044 [main] WARN  org.springframework.boot.actuate.endpoint.EndpointId(155) logWarning - Endpoint ID 'hystrix.stream' contains invalid characters, please migrate to a valid format.
2020-08-12 17:15:54.464 [main] INFO  org.springframework.cloud.context.scope.GenericScope(295) setSerializationId - BeanFactory id=75c068d1-85f9-3732-9556-17272f7fd41c
2020-08-12 17:15:56.087 [main] WARN  com.netflix.config.sources.URLConfigurationSource(121) <init> - No URLs will be polled as dynamic configuration sources.
2020-08-12 17:15:56.087 [main] INFO  com.netflix.config.sources.URLConfigurationSource(122) <init> - To enable URLs as dynamic configuration sources, define System property archaius.configurationSource.additionalUrls or make config.properties available on classpath.
2020-08-12 17:15:56.108 [main] INFO  com.netflix.config.DynamicPropertyFactory(281) getInstance - DynamicPropertyFactory is initialized with configuration sources: com.netflix.config.ConcurrentCompositeConfiguration@4f3e9fbb
2020-08-12 17:15:57.499 [main] WARN  com.netflix.config.sources.URLConfigurationSource(121) <init> - No URLs will be polled as dynamic configuration sources.
2020-08-12 17:15:57.500 [main] INFO  com.netflix.config.sources.URLConfigurationSource(122) <init> - To enable URLs as dynamic configuration sources, define System property archaius.configurationSource.additionalUrls or make config.properties available on classpath.
2020-08-12 17:15:58.767 [main] INFO  org.springframework.scheduling.concurrent.ThreadPoolTaskExecutor(181) initialize - Initializing ExecutorService 'applicationTaskExecutor'
2020-08-12 17:16:04.262 [main] INFO  org.springframework.cloud.netflix.zuul.ZuulFilterInitializer(67) contextInitialized - Starting filter initializer
2020-08-12 17:16:04.315 [main] INFO  org.springframework.boot.actuate.endpoint.web.EndpointLinksResolver(58) <init> - Exposing 2 endpoint(s) beneath base path '/actuator'
2020-08-12 17:16:04.441 [main] INFO  org.springframework.amqp.rabbit.connection.CachingConnectionFactory(558) connectAddresses - Attempting to connect to: [127.0.0.1:5672]
2020-08-12 17:16:05.260 [main] INFO  org.springframework.amqp.rabbit.connection.CachingConnectionFactory(511) createBareConnection - Created new connection: rabbitConnectionFactory#624b523:0/SimpleConnection@6c1bebca [delegate=amqp://guest@127.0.0.1:5672/, localPort= 53198]
2020-08-12 17:16:05.452 [main] INFO  com.shenxu.zuul.ZuulApplicationTests(61) logStarted - Started ZuulApplicationTests in 16.996 seconds (JVM running for 25.208)
2020-08-12 17:16:07.010 [SpringContextShutdownHook] INFO  org.springframework.amqp.rabbit.listener.SimpleMessageListenerContainer(647) doShutdown - Waiting for workers to finish.
2020-08-12 17:16:07.380 [SpringContextShutdownHook] INFO  org.springframework.amqp.rabbit.listener.SimpleMessageListenerContainer(650) doShutdown - Successfully waited for workers to finish.
2020-08-12 17:16:07.383 [SpringContextShutdownHook] INFO  org.springframework.amqp.rabbit.listener.SimpleMessageListenerContainer(647) doShutdown - Waiting for workers to finish.
2020-08-12 17:16:07.403 [SpringContextShutdownHook] INFO  org.springframework.amqp.rabbit.listener.SimpleMessageListenerContainer(650) doShutdown - Successfully waited for workers to finish.
2020-08-12 17:16:07.406 [SpringContextShutdownHook] INFO  org.springframework.amqp.rabbit.listener.SimpleMessageListenerContainer(647) doShutdown - Waiting for workers to finish.
2020-08-12 17:16:07.426 [SpringContextShutdownHook] INFO  org.springframework.amqp.rabbit.listener.SimpleMessageListenerContainer(650) doShutdown - Successfully waited for workers to finish.
2020-08-12 17:16:07.430 [SpringContextShutdownHook] INFO  org.springframework.amqp.rabbit.listener.SimpleMessageListenerContainer(647) doShutdown - Waiting for workers to finish.
2020-08-12 17:16:07.446 [SpringContextShutdownHook] INFO  org.springframework.amqp.rabbit.listener.SimpleMessageListenerContainer(650) doShutdown - Successfully waited for workers to finish.
2020-08-12 17:16:07.450 [SpringContextShutdownHook] INFO  org.springframework.cloud.netflix.zuul.ZuulFilterInitializer(79) contextDestroyed - Stopping filter initializer
2020-08-12 17:16:07.455 [SpringContextShutdownHook] INFO  org.springframework.amqp.rabbit.listener.SimpleMessageListenerContainer(1243) shutdown - Shutdown ignored - container is not active already
2020-08-12 17:16:07.456 [SpringContextShutdownHook] INFO  org.springframework.amqp.rabbit.listener.SimpleMessageListenerContainer(1243) shutdown - Shutdown ignored - container is not active already
2020-08-12 17:16:07.456 [SpringContextShutdownHook] INFO  org.springframework.amqp.rabbit.listener.SimpleMessageListenerContainer(1243) shutdown - Shutdown ignored - container is not active already
2020-08-12 17:16:07.456 [SpringContextShutdownHook] INFO  org.springframework.amqp.rabbit.listener.SimpleMessageListenerContainer(1243) shutdown - Shutdown ignored - container is not active already
2020-08-12 17:16:07.457 [SpringContextShutdownHook] INFO  org.springframework.scheduling.concurrent.ThreadPoolTaskExecutor(218) shutdown - Shutting down ExecutorService 'applicationTaskExecutor'
2020-08-12 17:16:32.224 [main] INFO  org.springframework.boot.test.context.SpringBootTestContextBootstrapper(308) buildDefaultMergedContextConfiguration - Neither @ContextConfiguration nor @ContextHierarchy found for test class [com.shenxu.zuul.ZuulApplicationTests], using SpringBootContextLoader
2020-08-12 17:16:32.322 [main] INFO  org.springframework.test.context.support.AbstractContextLoader(264) generateDefaultLocations - Could not detect default resource locations for test class [com.shenxu.zuul.ZuulApplicationTests]: no resource found for suffixes {-context.xml, Context.groovy}.
2020-08-12 17:16:32.323 [main] INFO  org.springframework.test.context.support.AnnotationConfigContextLoaderUtils(83) detectDefaultConfigurationClasses - Could not detect default configuration classes for test class [com.shenxu.zuul.ZuulApplicationTests]: ZuulApplicationTests does not declare any static, non-private, non-final, nested classes annotated with @Configuration.
2020-08-12 17:16:32.561 [main] INFO  org.springframework.boot.test.context.SpringBootTestContextBootstrapper(237) getOrFindConfigurationClasses - Found @SpringBootConfiguration com.shenxu.zuul.ZuulApplication for test class com.shenxu.zuul.ZuulApplicationTests
2020-08-12 17:16:32.820 [main] INFO  org.springframework.boot.test.context.SpringBootTestContextBootstrapper(248) getDefaultTestExecutionListenerClassNames - Loaded default TestExecutionListener class names from location [META-INF/spring.factories]: [org.springframework.boot.test.mock.mockito.MockitoTestExecutionListener, org.springframework.boot.test.mock.mockito.ResetMocksTestExecutionListener, org.springframework.boot.test.autoconfigure.restdocs.RestDocsTestExecutionListener, org.springframework.boot.test.autoconfigure.web.client.MockRestServiceServerResetTestExecutionListener, org.springframework.boot.test.autoconfigure.web.servlet.MockMvcPrintOnlyOnFailureTestExecutionListener, org.springframework.boot.test.autoconfigure.web.servlet.WebDriverTestExecutionListener, org.springframework.boot.test.autoconfigure.webservices.client.MockWebServiceServerTestExecutionListener, org.springframework.test.context.web.ServletTestExecutionListener, org.springframework.test.context.support.DirtiesContextBeforeModesTestExecutionListener, org.springframework.test.context.support.DependencyInjectionTestExecutionListener, org.springframework.test.context.support.DirtiesContextTestExecutionListener, org.springframework.test.context.transaction.TransactionalTestExecutionListener, org.springframework.test.context.jdbc.SqlScriptsTestExecutionListener, org.springframework.test.context.event.EventPublishingTestExecutionListener]
2020-08-12 17:16:32.841 [main] INFO  org.springframework.boot.test.context.SpringBootTestContextBootstrapper(177) getTestExecutionListeners - Using TestExecutionListeners: [org.springframework.test.context.web.ServletTestExecutionListener@2a640157, org.springframework.test.context.support.DirtiesContextBeforeModesTestExecutionListener@52851b44, org.springframework.boot.test.mock.mockito.MockitoTestExecutionListener@584f54e6, org.springframework.boot.test.autoconfigure.SpringBootDependencyInjectionTestExecutionListener@5d8bafa9, org.springframework.test.context.support.DirtiesContextTestExecutionListener@576f63f6, org.springframework.test.context.transaction.TransactionalTestExecutionListener@2dca0d64, org.springframework.test.context.jdbc.SqlScriptsTestExecutionListener@f80945f, org.springframework.test.context.event.EventPublishingTestExecutionListener@ff684e1, org.springframework.boot.test.mock.mockito.ResetMocksTestExecutionListener@23aa363a, org.springframework.boot.test.autoconfigure.restdocs.RestDocsTestExecutionListener@5ef6ae06, org.springframework.boot.test.autoconfigure.web.client.MockRestServiceServerResetTestExecutionListener@55dfebeb, org.springframework.boot.test.autoconfigure.web.servlet.MockMvcPrintOnlyOnFailureTestExecutionListener@6e35bc3d, org.springframework.boot.test.autoconfigure.web.servlet.WebDriverTestExecutionListener@1cdc4c27, org.springframework.boot.test.autoconfigure.webservices.client.MockWebServiceServerTestExecutionListener@77b14724]
2020-08-12 17:16:34.760 [main] INFO  com.shenxu.zuul.ZuulApplicationTests(651) logStartupProfileInfo - No active profile set, falling back to default profiles: default
2020-08-12 17:16:36.186 [main] INFO  org.springframework.data.repository.config.RepositoryConfigurationDelegate(249) multipleStoresDetected - Multiple Spring Data modules found, entering strict repository configuration mode!
2020-08-12 17:16:36.193 [main] INFO  org.springframework.data.repository.config.RepositoryConfigurationDelegate(127) registerRepositoriesIn - Bootstrapping Spring Data Redis repositories in DEFAULT mode.
2020-08-12 17:16:36.229 [main] INFO  org.springframework.data.repository.config.RepositoryConfigurationDelegate(187) registerRepositoriesIn - Finished Spring Data repository scanning in 19ms. Found 0 Redis repository interfaces.
2020-08-12 17:16:36.323 [main] WARN  org.springframework.boot.actuate.endpoint.EndpointId(155) logWarning - Endpoint ID 'hystrix.stream' contains invalid characters, please migrate to a valid format.
2020-08-12 17:16:36.699 [main] INFO  org.springframework.cloud.context.scope.GenericScope(295) setSerializationId - BeanFactory id=75c068d1-85f9-3732-9556-17272f7fd41c
2020-08-12 17:16:37.988 [main] WARN  com.netflix.config.sources.URLConfigurationSource(121) <init> - No URLs will be polled as dynamic configuration sources.
2020-08-12 17:16:37.989 [main] INFO  com.netflix.config.sources.URLConfigurationSource(122) <init> - To enable URLs as dynamic configuration sources, define System property archaius.configurationSource.additionalUrls or make config.properties available on classpath.
2020-08-12 17:16:38.013 [main] INFO  com.netflix.config.DynamicPropertyFactory(281) getInstance - DynamicPropertyFactory is initialized with configuration sources: com.netflix.config.ConcurrentCompositeConfiguration@6f9ab79d
2020-08-12 17:16:39.257 [main] WARN  com.netflix.config.sources.URLConfigurationSource(121) <init> - No URLs will be polled as dynamic configuration sources.
2020-08-12 17:16:39.257 [main] INFO  com.netflix.config.sources.URLConfigurationSource(122) <init> - To enable URLs as dynamic configuration sources, define System property archaius.configurationSource.additionalUrls or make config.properties available on classpath.
2020-08-12 17:16:40.110 [main] INFO  org.springframework.scheduling.concurrent.ThreadPoolTaskExecutor(181) initialize - Initializing ExecutorService 'applicationTaskExecutor'
2020-08-12 17:16:44.730 [main] INFO  org.springframework.cloud.netflix.zuul.ZuulFilterInitializer(67) contextInitialized - Starting filter initializer
2020-08-12 17:16:44.931 [main] INFO  org.springframework.boot.actuate.endpoint.web.EndpointLinksResolver(58) <init> - Exposing 2 endpoint(s) beneath base path '/actuator'
2020-08-12 17:16:45.193 [main] INFO  org.springframework.amqp.rabbit.connection.CachingConnectionFactory(558) connectAddresses - Attempting to connect to: [127.0.0.1:5672]
2020-08-12 17:16:45.404 [main] INFO  org.springframework.amqp.rabbit.connection.CachingConnectionFactory(511) createBareConnection - Created new connection: rabbitConnectionFactory#6acffb2d:0/SimpleConnection@2e0163cb [delegate=amqp://guest@127.0.0.1:5672/, localPort= 53278]
2020-08-12 17:16:45.793 [main] INFO  com.shenxu.zuul.ZuulApplicationTests(61) logStarted - Started ZuulApplicationTests in 12.901 seconds (JVM running for 16.748)
2020-08-12 17:16:47.529 [SpringContextShutdownHook] INFO  org.springframework.amqp.rabbit.listener.SimpleMessageListenerContainer(647) doShutdown - Waiting for workers to finish.
2020-08-12 17:16:47.800 [SpringContextShutdownHook] INFO  org.springframework.amqp.rabbit.listener.SimpleMessageListenerContainer(650) doShutdown - Successfully waited for workers to finish.
2020-08-12 17:16:47.803 [SpringContextShutdownHook] INFO  org.springframework.amqp.rabbit.listener.SimpleMessageListenerContainer(647) doShutdown - Waiting for workers to finish.
2020-08-12 17:16:47.808 [SpringContextShutdownHook] INFO  org.springframework.amqp.rabbit.listener.SimpleMessageListenerContainer(650) doShutdown - Successfully waited for workers to finish.
2020-08-12 17:16:47.811 [SpringContextShutdownHook] INFO  org.springframework.amqp.rabbit.listener.SimpleMessageListenerContainer(647) doShutdown - Waiting for workers to finish.
2020-08-12 17:16:48.807 [SpringContextShutdownHook] INFO  org.springframework.amqp.rabbit.listener.SimpleMessageListenerContainer(650) doShutdown - Successfully waited for workers to finish.
2020-08-12 17:16:48.810 [SpringContextShutdownHook] INFO  org.springframework.amqp.rabbit.listener.SimpleMessageListenerContainer(647) doShutdown - Waiting for workers to finish.
2020-08-12 17:16:48.838 [SpringContextShutdownHook] INFO  org.springframework.amqp.rabbit.listener.SimpleMessageListenerContainer(650) doShutdown - Successfully waited for workers to finish.
2020-08-12 17:16:48.841 [SpringContextShutdownHook] INFO  org.springframework.cloud.netflix.zuul.ZuulFilterInitializer(79) contextDestroyed - Stopping filter initializer
2020-08-12 17:16:48.850 [SpringContextShutdownHook] INFO  org.springframework.amqp.rabbit.listener.SimpleMessageListenerContainer(1243) shutdown - Shutdown ignored - container is not active already
2020-08-12 17:16:48.851 [SpringContextShutdownHook] INFO  org.springframework.amqp.rabbit.listener.SimpleMessageListenerContainer(1243) shutdown - Shutdown ignored - container is not active already
2020-08-12 17:16:48.851 [SpringContextShutdownHook] INFO  org.springframework.amqp.rabbit.listener.SimpleMessageListenerContainer(1243) shutdown - Shutdown ignored - container is not active already
2020-08-12 17:16:48.851 [SpringContextShutdownHook] INFO  org.springframework.amqp.rabbit.listener.SimpleMessageListenerContainer(1243) shutdown - Shutdown ignored - container is not active already
2020-08-12 17:16:48.851 [SpringContextShutdownHook] INFO  org.springframework.scheduling.concurrent.ThreadPoolTaskExecutor(218) shutdown - Shutting down ExecutorService 'applicationTaskExecutor'
